#
# There is insufficient memory for the Java Runtime Environment to continue.
# Native memory allocation (malloc) failed to allocate 1992656 bytes for Chunk::new
# Possible reasons:
#   The system is out of physical RAM or swap space
#   The process is running with CompressedOops enabled, and the Java Heap may be blocking the growth of the native heap
# Possible solutions:
#   Reduce memory load on the system
#   Increase physical memory or swap space
#   Check if swap backing store is full
#   Decrease Java heap size (-Xmx/-Xms)
#   Decrease number of Java threads
#   Decrease Java thread stack sizes (-Xss)
#   Set larger code cache with -XX:ReservedCodeCacheSize=
#   JVM is running with Unscaled Compressed Oops mode in which the Java heap is
#     placed in the first 4GB address space. The Java Heap base address is the
#     maximum limit for the native heap growth. Please use -XX:HeapBaseMinAddress
#     to set the Java Heap base and to place the Java Heap above 4GB virtual address.
# This output file may be truncated or incomplete.
#
#  Out of Memory Error (arena.cpp:189), pid=21412, tid=28488
#
# JRE version: OpenJDK Runtime Environment Temurin-17.0.7+7 (17.0.7+7) (build 17.0.7+7)
# Java VM: OpenJDK 64-Bit Server VM Temurin-17.0.7+7 (17.0.7+7, mixed mode, sharing, tiered, compressed oops, compressed class ptrs, g1 gc, windows-amd64)
# No core dump will be written. Minidumps are not enabled by default on client versions of Windows
#

---------------  S U M M A R Y ------------

Command Line: --add-opens=java.base/java.util=ALL-UNNAMED --add-opens=java.base/java.lang=ALL-UNNAMED --add-opens=java.base/java.lang.invoke=ALL-UNNAMED --add-opens=java.prefs/java.util.prefs=ALL-UNNAMED --add-opens=java.base/java.nio.charset=ALL-UNNAMED --add-opens=java.base/java.net=ALL-UNNAMED --add-opens=java.base/java.util.concurrent.atomic=ALL-UNNAMED -XX:MaxMetaspaceSize=384m -XX:+HeapDumpOnOutOfMemoryError -Xms256m -Xmx512m -Dfile.encoding=utf8 -Duser.country=US -Duser.language=en -Duser.variant org.gradle.launcher.daemon.bootstrap.GradleDaemon 8.0.2

Host: AMD Ryzen 3 7320U with Radeon Graphics         , 8 cores, 7G,  Windows 11 , 64 bit Build 22621 (10.0.22621.1928)
Time: Sun Jul 30 14:50:08 2023 Eastern Daylight Time elapsed time: 18.959050 seconds (0d 0h 0m 18s)

---------------  T H R E A D  ---------------

Current thread (0x0000019da89dd8e0):  JavaThread "C2 CompilerThread0" daemon [_thread_in_native, id=28488, stack(0x00000080ddb00000,0x00000080ddc00000)]


Current CompileTask:
C2:  18959 3988       4       org.codehaus.groovy.runtime.metaclass.MetaMethodIndex::addMethodToList (131 bytes)

Stack: [0x00000080ddb00000,0x00000080ddc00000]
Native frames: (J=compiled Java code, j=interpreted, Vv=VM code, C=native code)
V  [jvm.dll+0x67754a]
V  [jvm.dll+0x834304]
V  [jvm.dll+0x835aae]
V  [jvm.dll+0x836113]
V  [jvm.dll+0x24696f]
V  [jvm.dll+0xac0ac]
V  [jvm.dll+0xac67c]
V  [jvm.dll+0x364de2]
V  [jvm.dll+0x32f6b1]
V  [jvm.dll+0x32eb5a]
V  [jvm.dll+0x219641]
V  [jvm.dll+0x218a61]
V  [jvm.dll+0x1a4d8d]
V  [jvm.dll+0x2284da]
V  [jvm.dll+0x226615]
V  [jvm.dll+0x7ea90b]
V  [jvm.dll+0x7e4e7a]
V  [jvm.dll+0x676395]
C  [ucrtbase.dll+0x29363]
C  [KERNEL32.DLL+0x126ad]
C  [ntdll.dll+0x5aa68]


---------------  P R O C E S S  ---------------

Threads class SMR info:
_java_thread_list=0x0000019db007d970, length=41, elements={
0x0000019d8bf4aec0, 0x0000019da89c1660, 0x0000019da89c2120, 0x0000019da89d8be0,
0x0000019da89d95a0, 0x0000019da89d9f60, 0x0000019da89da820, 0x0000019da89dd8e0,
0x0000019da89dfeb0, 0x0000019da89e37e0, 0x0000019da8c32b80, 0x0000019da8c37060,
0x0000019dad9d4630, 0x0000019dada7ba80, 0x0000019dadb4c7c0, 0x0000019dad18c9b0,
0x0000019dadbf4050, 0x0000019dad1523d0, 0x0000019dad151f00, 0x0000019dad1528a0,
0x0000019dad153710, 0x0000019dad151560, 0x0000019dad154580, 0x0000019dad151a30,
0x0000019dad152d70, 0x0000019dad153be0, 0x0000019dad153240, 0x0000019dad154a50,
0x0000019dad151090, 0x0000019db005b6e0, 0x0000019db0058b90, 0x0000019db005c550,
0x0000019db005d3c0, 0x0000019db005a3a0, 0x0000019db0059060, 0x0000019db005a870,
0x0000019db005c080, 0x0000019db00581f0, 0x0000019db005f0a0, 0x0000019db005ca20,
0x0000019db0057d20
}

Java Threads: ( => current thread )
  0x0000019d8bf4aec0 JavaThread "main" [_thread_blocked, id=28272, stack(0x00000080dce00000,0x00000080dcf00000)]
  0x0000019da89c1660 JavaThread "Reference Handler" daemon [_thread_blocked, id=28536, stack(0x00000080dd500000,0x00000080dd600000)]
  0x0000019da89c2120 JavaThread "Finalizer" daemon [_thread_blocked, id=28520, stack(0x00000080dd600000,0x00000080dd700000)]
  0x0000019da89d8be0 JavaThread "Signal Dispatcher" daemon [_thread_blocked, id=28528, stack(0x00000080dd700000,0x00000080dd800000)]
  0x0000019da89d95a0 JavaThread "Attach Listener" daemon [_thread_blocked, id=28532, stack(0x00000080dd800000,0x00000080dd900000)]
  0x0000019da89d9f60 JavaThread "Service Thread" daemon [_thread_blocked, id=28544, stack(0x00000080dd900000,0x00000080dda00000)]
  0x0000019da89da820 JavaThread "Monitor Deflation Thread" daemon [_thread_blocked, id=28500, stack(0x00000080dda00000,0x00000080ddb00000)]
=>0x0000019da89dd8e0 JavaThread "C2 CompilerThread0" daemon [_thread_in_native, id=28488, stack(0x00000080ddb00000,0x00000080ddc00000)]
  0x0000019da89dfeb0 JavaThread "C1 CompilerThread0" daemon [_thread_blocked, id=28628, stack(0x00000080ddc00000,0x00000080ddd00000)]
  0x0000019da89e37e0 JavaThread "Sweeper thread" daemon [_thread_blocked, id=28276, stack(0x00000080ddd00000,0x00000080dde00000)]
  0x0000019da8c32b80 JavaThread "Common-Cleaner" daemon [_thread_blocked, id=28396, stack(0x00000080dde00000,0x00000080ddf00000)]
  0x0000019da8c37060 JavaThread "Notification Thread" daemon [_thread_blocked, id=28408, stack(0x00000080ddf00000,0x00000080de000000)]
  0x0000019dad9d4630 JavaThread "Daemon health stats" [_thread_blocked, id=18228, stack(0x00000080de600000,0x00000080de700000)]
  0x0000019dada7ba80 JavaThread "Incoming local TCP Connector on port 54334" [_thread_in_native, id=2524, stack(0x00000080de700000,0x00000080de800000)]
  0x0000019dadb4c7c0 JavaThread "Daemon periodic checks" [_thread_blocked, id=22196, stack(0x00000080de800000,0x00000080de900000)]
  0x0000019dad18c9b0 JavaThread "Daemon" [_thread_blocked, id=18332, stack(0x00000080de900000,0x00000080dea00000)]
  0x0000019dadbf4050 JavaThread "Handler for socket connection from /127.0.0.1:54334 to /127.0.0.1:54335" [_thread_in_native, id=13732, stack(0x00000080dea00000,0x00000080deb00000)]
  0x0000019dad1523d0 JavaThread "Cancel handler" [_thread_blocked, id=26204, stack(0x00000080deb00000,0x00000080dec00000)]
  0x0000019dad151f00 JavaThread "Daemon worker" [_thread_in_native, id=18784, stack(0x00000080dec00000,0x00000080ded00000)]
  0x0000019dad1528a0 JavaThread "Asynchronous log dispatcher for DefaultDaemonConnection: socket connection from /127.0.0.1:54334 to /127.0.0.1:54335" [_thread_blocked, id=3936, stack(0x00000080ded00000,0x00000080dee00000)]
  0x0000019dad153710 JavaThread "Stdin handler" [_thread_blocked, id=16112, stack(0x00000080dee00000,0x00000080def00000)]
  0x0000019dad151560 JavaThread "Daemon client event forwarder" [_thread_blocked, id=28160, stack(0x00000080def00000,0x00000080df000000)]
  0x0000019dad154580 JavaThread "Cache worker for journal cache (C:\Users\lukre\.gradle\caches\journal-1)" [_thread_blocked, id=28188, stack(0x00000080df000000,0x00000080df100000)]
  0x0000019dad151a30 JavaThread "File lock request listener" [_thread_in_native, id=28496, stack(0x00000080df100000,0x00000080df200000)]
  0x0000019dad152d70 JavaThread "File lock release action executor" [_thread_blocked, id=26776, stack(0x00000080df200000,0x00000080df300000)]
  0x0000019dad153be0 JavaThread "Cache worker for file hash cache (C:\Users\lukre\.gradle\caches\8.0.2\fileHashes)" [_thread_blocked, id=7340, stack(0x00000080df300000,0x00000080df400000)]
  0x0000019dad153240 JavaThread "File watcher server" daemon [_thread_in_native, id=27784, stack(0x00000080df400000,0x00000080df500000)]
  0x0000019dad154a50 JavaThread "File watcher consumer" daemon [_thread_blocked, id=3360, stack(0x00000080df500000,0x00000080df600000)]
  0x0000019dad151090 JavaThread "jar transforms" [_thread_blocked, id=22124, stack(0x00000080df600000,0x00000080df700000)]
  0x0000019db005b6e0 JavaThread "jar transforms Thread 2" [_thread_blocked, id=20428, stack(0x00000080df700000,0x00000080df800000)]
  0x0000019db0058b90 JavaThread "Cache worker for checksums cache (C:\Users\lukre\Desktop\WCCI\PROJECTS\Virtual Pet Amok\Virtual-Pets-Amok-Collab\.gradle\8.0.2\checksums)" [_thread_blocked, id=26180, stack(0x00000080dfb00000,0x00000080dfc00000)]
  0x0000019db005c550 JavaThread "Cache worker for cache directory md-rule (C:\Users\lukre\.gradle\caches\8.0.2\md-rule)" [_thread_blocked, id=27896, stack(0x00000080dfc00000,0x00000080dfd00000)]
  0x0000019db005d3c0 JavaThread "Cache worker for file content cache (C:\Users\lukre\.gradle\caches\8.0.2\fileContent)" [_thread_blocked, id=27856, stack(0x00000080dfd00000,0x00000080dfe00000)]
  0x0000019db005a3a0 JavaThread "Cache worker for file hash cache (C:\Users\lukre\Desktop\WCCI\PROJECTS\Virtual Pet Amok\Virtual-Pets-Amok-Collab\.gradle\8.0.2\fileHashes)" [_thread_blocked, id=28284, stack(0x00000080dfe00000,0x00000080dff00000)]
  0x0000019db0059060 JavaThread "Cache worker for cache directory md-supplier (C:\Users\lukre\.gradle\caches\8.0.2\md-supplier)" [_thread_blocked, id=25308, stack(0x00000080dff00000,0x00000080e0000000)]
  0x0000019db005a870 JavaThread "Cache worker for execution history cache (C:\Users\lukre\.gradle\caches\8.0.2\executionHistory)" [_thread_blocked, id=27232, stack(0x00000080e0000000,0x00000080e0100000)]
  0x0000019db005c080 JavaThread "jar transforms Thread 3" [_thread_blocked, id=25380, stack(0x00000080e0100000,0x00000080e0200000)]
  0x0000019db00581f0 JavaThread "jar transforms Thread 4" [_thread_blocked, id=22008, stack(0x00000080e0200000,0x00000080e0300000)]
  0x0000019db005f0a0 JavaThread "jar transforms Thread 5" [_thread_blocked, id=12060, stack(0x00000080e0300000,0x00000080e0400000)]
  0x0000019db005ca20 JavaThread "jar transforms Thread 6" [_thread_blocked, id=25484, stack(0x00000080e0400000,0x00000080e0500000)]
  0x0000019db0057d20 JavaThread "jar transforms Thread 7" [_thread_blocked, id=28220, stack(0x00000080e0500000,0x00000080e0600000)]

Other Threads:
  0x0000019da89bdc10 VMThread "VM Thread" [stack: 0x00000080dd400000,0x00000080dd500000] [id=28596]
  0x0000019da8a2ecc0 WatcherThread [stack: 0x00000080de000000,0x00000080de100000] [id=28360]
  0x0000019d8bf7a100 GCTaskThread "GC Thread#0" [stack: 0x00000080dcf00000,0x00000080dd000000] [id=28300]
  0x0000019dadc82e40 GCTaskThread "GC Thread#1" [stack: 0x00000080de100000,0x00000080de200000] [id=19804]
  0x0000019dad67fa20 GCTaskThread "GC Thread#2" [stack: 0x00000080de200000,0x00000080de300000] [id=4036]
  0x0000019dad67fcd0 GCTaskThread "GC Thread#3" [stack: 0x00000080de300000,0x00000080de400000] [id=16220]
  0x0000019dad60a980 GCTaskThread "GC Thread#4" [stack: 0x00000080de400000,0x00000080de500000] [id=3632]
  0x0000019dad77f2b0 GCTaskThread "GC Thread#5" [stack: 0x00000080de500000,0x00000080de600000] [id=7244]
  0x0000019daf3e8940 GCTaskThread "GC Thread#6" [stack: 0x00000080df800000,0x00000080df900000] [id=23640]
  0x0000019daf3e8bf0 GCTaskThread "GC Thread#7" [stack: 0x00000080df900000,0x00000080dfa00000] [id=19708]
  0x0000019d8bf7ef50 ConcurrentGCThread "G1 Main Marker" [stack: 0x00000080dd000000,0x00000080dd100000] [id=28304]
  0x0000019d8bf7f9d0 ConcurrentGCThread "G1 Conc#0" [stack: 0x00000080dd100000,0x00000080dd200000] [id=28280]
  0x0000019daf3e8690 ConcurrentGCThread "G1 Conc#1" [stack: 0x00000080dfa00000,0x00000080dfb00000] [id=19744]
  0x0000019da88840f0 ConcurrentGCThread "G1 Refine#0" [stack: 0x00000080dd200000,0x00000080dd300000] [id=11456]
  0x0000019da88848c0 ConcurrentGCThread "G1 Service" [stack: 0x00000080dd300000,0x00000080dd400000] [id=28592]

Threads with active compile tasks:
C2 CompilerThread0    19010 3988       4       org.codehaus.groovy.runtime.metaclass.MetaMethodIndex::addMethodToList (131 bytes)

VM state: not at safepoint (normal execution)

VM Mutex/Monitor currently owned by a thread: None

Heap address: 0x00000000e0000000, size: 512 MB, Compressed Oops mode: 32-bit

CDS archive(s) mapped at: [0x0000000800000000-0x0000000800bc0000-0x0000000800bc0000), size 12320768, SharedBaseAddress: 0x0000000800000000, ArchiveRelocationMode: 0.
Compressed class space mapped at: 0x0000000801000000-0x0000000815000000, reserved size: 335544320
Narrow klass base: 0x0000000800000000, Narrow klass shift: 0, Narrow klass range: 0x100000000

GC Precious Log:
 CPUs: 8 total, 8 available
 Memory: 7413M
 Large Page Support: Disabled
 NUMA Support: Disabled
 Compressed Oops: Enabled (32-bit)
 Heap Region Size: 1M
 Heap Min Capacity: 256M
 Heap Initial Capacity: 256M
 Heap Max Capacity: 512M
 Pre-touch: Disabled
 Parallel Workers: 8
 Concurrent Workers: 2
 Concurrent Refinement Workers: 8
 Periodic GC: Disabled

Heap:
 garbage-first heap   total 262144K, used 117376K [0x00000000e0000000, 0x0000000100000000)
  region size 1024K, 104 young (106496K), 13 survivors (13312K)
 Metaspace       used 34477K, committed 34944K, reserved 393216K
  class space    used 4723K, committed 4928K, reserved 327680K

Heap Regions: E=young(eden), S=young(survivor), O=old, HS=humongous(starts), HC=humongous(continues), CS=collection set, F=free, OA=open archive, CA=closed archive, TAMS=top-at-mark-start (previous, next)
|   0|0x00000000e0000000, 0x00000000e0100000, 0x00000000e0100000|100%|HS|  |TAMS 0x00000000e0100000, 0x00000000e0000000| Complete 
|   1|0x00000000e0100000, 0x00000000e0200000, 0x00000000e0200000|100%|HC|  |TAMS 0x00000000e0200000, 0x00000000e0100000| Complete 
|   2|0x00000000e0200000, 0x00000000e0300000, 0x00000000e0300000|100%|HC|  |TAMS 0x00000000e0300000, 0x00000000e0200000| Complete 
|   3|0x00000000e0300000, 0x00000000e0400000, 0x00000000e0400000|100%|HC|  |TAMS 0x00000000e0400000, 0x00000000e0300000| Complete 
|   4|0x00000000e0400000, 0x00000000e0500000, 0x00000000e0500000|100%| O|  |TAMS 0x00000000e0500000, 0x00000000e0400000| Untracked 
|   5|0x00000000e0500000, 0x00000000e0600000, 0x00000000e0600000|100%| O|  |TAMS 0x00000000e0600000, 0x00000000e0500000| Untracked 
|   6|0x00000000e0600000, 0x00000000e0700000, 0x00000000e0700000|100%| O|  |TAMS 0x00000000e0700000, 0x00000000e0600000| Untracked 
|   7|0x00000000e0700000, 0x00000000e0800000, 0x00000000e0800000|100%|HS|  |TAMS 0x00000000e0700000, 0x00000000e0700000| Complete 
|   8|0x00000000e0800000, 0x00000000e0900000, 0x00000000e0900000|100%| O|  |TAMS 0x00000000e0900000, 0x00000000e0800000| Untracked 
|   9|0x00000000e0900000, 0x00000000e0a00000, 0x00000000e0a00000|100%| O|  |TAMS 0x00000000e0a00000, 0x00000000e0900000| Complete 
|  10|0x00000000e0a00000, 0x00000000e0b00000, 0x00000000e0b00000|100%| O|  |TAMS 0x00000000e0b00000, 0x00000000e0a00000| Untracked 
|  11|0x00000000e0b00000, 0x00000000e0b3e800, 0x00000000e0c00000| 24%| O|  |TAMS 0x00000000e0b3e608, 0x00000000e0b00000| Untracked 
|  12|0x00000000e0c00000, 0x00000000e0d00000, 0x00000000e0d00000|100%|HS|  |TAMS 0x00000000e0c00000, 0x00000000e0c00000| Complete 
|  13|0x00000000e0d00000, 0x00000000e0e00000, 0x00000000e0e00000|100%|HC|  |TAMS 0x00000000e0d00000, 0x00000000e0d00000| Complete 
|  14|0x00000000e0e00000, 0x00000000e0e00000, 0x00000000e0f00000|  0%| F|  |TAMS 0x00000000e0e00000, 0x00000000e0e00000| Untracked 
|  15|0x00000000e0f00000, 0x00000000e0f00000, 0x00000000e1000000|  0%| F|  |TAMS 0x00000000e0f00000, 0x00000000e0f00000| Untracked 
|  16|0x00000000e1000000, 0x00000000e1000000, 0x00000000e1100000|  0%| F|  |TAMS 0x00000000e1000000, 0x00000000e1000000| Untracked 
|  17|0x00000000e1100000, 0x00000000e1100000, 0x00000000e1200000|  0%| F|  |TAMS 0x00000000e1100000, 0x00000000e1100000| Untracked 
|  18|0x00000000e1200000, 0x00000000e1200000, 0x00000000e1300000|  0%| F|  |TAMS 0x00000000e1200000, 0x00000000e1200000| Untracked 
|  19|0x00000000e1300000, 0x00000000e1300000, 0x00000000e1400000|  0%| F|  |TAMS 0x00000000e1300000, 0x00000000e1300000| Untracked 
|  20|0x00000000e1400000, 0x00000000e1400000, 0x00000000e1500000|  0%| F|  |TAMS 0x00000000e1400000, 0x00000000e1400000| Untracked 
|  21|0x00000000e1500000, 0x00000000e1500000, 0x00000000e1600000|  0%| F|  |TAMS 0x00000000e1500000, 0x00000000e1500000| Untracked 
|  22|0x00000000e1600000, 0x00000000e1600000, 0x00000000e1700000|  0%| F|  |TAMS 0x00000000e1600000, 0x00000000e1600000| Untracked 
|  23|0x00000000e1700000, 0x00000000e1700000, 0x00000000e1800000|  0%| F|  |TAMS 0x00000000e1700000, 0x00000000e1700000| Untracked 
|  24|0x00000000e1800000, 0x00000000e1800000, 0x00000000e1900000|  0%| F|  |TAMS 0x00000000e1800000, 0x00000000e1800000| Untracked 
|  25|0x00000000e1900000, 0x00000000e1900000, 0x00000000e1a00000|  0%| F|  |TAMS 0x00000000e1900000, 0x00000000e1900000| Untracked 
|  26|0x00000000e1a00000, 0x00000000e1a00000, 0x00000000e1b00000|  0%| F|  |TAMS 0x00000000e1a00000, 0x00000000e1a00000| Untracked 
|  27|0x00000000e1b00000, 0x00000000e1b00000, 0x00000000e1c00000|  0%| F|  |TAMS 0x00000000e1b00000, 0x00000000e1b00000| Untracked 
|  28|0x00000000e1c00000, 0x00000000e1c00000, 0x00000000e1d00000|  0%| F|  |TAMS 0x00000000e1c00000, 0x00000000e1c00000| Untracked 
|  29|0x00000000e1d00000, 0x00000000e1d00000, 0x00000000e1e00000|  0%| F|  |TAMS 0x00000000e1d00000, 0x00000000e1d00000| Untracked 
|  30|0x00000000e1e00000, 0x00000000e1e00000, 0x00000000e1f00000|  0%| F|  |TAMS 0x00000000e1e00000, 0x00000000e1e00000| Untracked 
|  31|0x00000000e1f00000, 0x00000000e1f00000, 0x00000000e2000000|  0%| F|  |TAMS 0x00000000e1f00000, 0x00000000e1f00000| Untracked 
|  32|0x00000000e2000000, 0x00000000e2000000, 0x00000000e2100000|  0%| F|  |TAMS 0x00000000e2000000, 0x00000000e2000000| Untracked 
|  33|0x00000000e2100000, 0x00000000e2100000, 0x00000000e2200000|  0%| F|  |TAMS 0x00000000e2100000, 0x00000000e2100000| Untracked 
|  34|0x00000000e2200000, 0x00000000e2200000, 0x00000000e2300000|  0%| F|  |TAMS 0x00000000e2200000, 0x00000000e2200000| Untracked 
|  35|0x00000000e2300000, 0x00000000e2300000, 0x00000000e2400000|  0%| F|  |TAMS 0x00000000e2300000, 0x00000000e2300000| Untracked 
|  36|0x00000000e2400000, 0x00000000e2400000, 0x00000000e2500000|  0%| F|  |TAMS 0x00000000e2400000, 0x00000000e2400000| Untracked 
|  37|0x00000000e2500000, 0x00000000e2500000, 0x00000000e2600000|  0%| F|  |TAMS 0x00000000e2500000, 0x00000000e2500000| Untracked 
|  38|0x00000000e2600000, 0x00000000e2600000, 0x00000000e2700000|  0%| F|  |TAMS 0x00000000e2600000, 0x00000000e2600000| Untracked 
|  39|0x00000000e2700000, 0x00000000e2700000, 0x00000000e2800000|  0%| F|  |TAMS 0x00000000e2700000, 0x00000000e2700000| Untracked 
|  40|0x00000000e2800000, 0x00000000e2800000, 0x00000000e2900000|  0%| F|  |TAMS 0x00000000e2800000, 0x00000000e2800000| Untracked 
|  41|0x00000000e2900000, 0x00000000e2900000, 0x00000000e2a00000|  0%| F|  |TAMS 0x00000000e2900000, 0x00000000e2900000| Untracked 
|  42|0x00000000e2a00000, 0x00000000e2a00000, 0x00000000e2b00000|  0%| F|  |TAMS 0x00000000e2a00000, 0x00000000e2a00000| Untracked 
|  43|0x00000000e2b00000, 0x00000000e2b00000, 0x00000000e2c00000|  0%| F|  |TAMS 0x00000000e2b00000, 0x00000000e2b00000| Untracked 
|  44|0x00000000e2c00000, 0x00000000e2c00000, 0x00000000e2d00000|  0%| F|  |TAMS 0x00000000e2c00000, 0x00000000e2c00000| Untracked 
|  45|0x00000000e2d00000, 0x00000000e2d00000, 0x00000000e2e00000|  0%| F|  |TAMS 0x00000000e2d00000, 0x00000000e2d00000| Untracked 
|  46|0x00000000e2e00000, 0x00000000e2e00000, 0x00000000e2f00000|  0%| F|  |TAMS 0x00000000e2e00000, 0x00000000e2e00000| Untracked 
|  47|0x00000000e2f00000, 0x00000000e2f00000, 0x00000000e3000000|  0%| F|  |TAMS 0x00000000e2f00000, 0x00000000e2f00000| Untracked 
|  48|0x00000000e3000000, 0x00000000e3000000, 0x00000000e3100000|  0%| F|  |TAMS 0x00000000e3000000, 0x00000000e3000000| Untracked 
|  49|0x00000000e3100000, 0x00000000e3100000, 0x00000000e3200000|  0%| F|  |TAMS 0x00000000e3100000, 0x00000000e3100000| Untracked 
|  50|0x00000000e3200000, 0x00000000e3200000, 0x00000000e3300000|  0%| F|  |TAMS 0x00000000e3200000, 0x00000000e3200000| Untracked 
|  51|0x00000000e3300000, 0x00000000e3300000, 0x00000000e3400000|  0%| F|  |TAMS 0x00000000e3300000, 0x00000000e3300000| Untracked 
|  52|0x00000000e3400000, 0x00000000e3400000, 0x00000000e3500000|  0%| F|  |TAMS 0x00000000e3400000, 0x00000000e3400000| Untracked 
|  53|0x00000000e3500000, 0x00000000e3500000, 0x00000000e3600000|  0%| F|  |TAMS 0x00000000e3500000, 0x00000000e3500000| Untracked 
|  54|0x00000000e3600000, 0x00000000e3600000, 0x00000000e3700000|  0%| F|  |TAMS 0x00000000e3600000, 0x00000000e3600000| Untracked 
|  55|0x00000000e3700000, 0x00000000e3700000, 0x00000000e3800000|  0%| F|  |TAMS 0x00000000e3700000, 0x00000000e3700000| Untracked 
|  56|0x00000000e3800000, 0x00000000e3800000, 0x00000000e3900000|  0%| F|  |TAMS 0x00000000e3800000, 0x00000000e3800000| Untracked 
|  57|0x00000000e3900000, 0x00000000e3900000, 0x00000000e3a00000|  0%| F|  |TAMS 0x00000000e3900000, 0x00000000e3900000| Untracked 
|  58|0x00000000e3a00000, 0x00000000e3a00000, 0x00000000e3b00000|  0%| F|  |TAMS 0x00000000e3a00000, 0x00000000e3a00000| Untracked 
|  59|0x00000000e3b00000, 0x00000000e3b00000, 0x00000000e3c00000|  0%| F|  |TAMS 0x00000000e3b00000, 0x00000000e3b00000| Untracked 
|  60|0x00000000e3c00000, 0x00000000e3c00000, 0x00000000e3d00000|  0%| F|  |TAMS 0x00000000e3c00000, 0x00000000e3c00000| Untracked 
|  61|0x00000000e3d00000, 0x00000000e3d00000, 0x00000000e3e00000|  0%| F|  |TAMS 0x00000000e3d00000, 0x00000000e3d00000| Untracked 
|  62|0x00000000e3e00000, 0x00000000e3e00000, 0x00000000e3f00000|  0%| F|  |TAMS 0x00000000e3e00000, 0x00000000e3e00000| Untracked 
|  63|0x00000000e3f00000, 0x00000000e3f00000, 0x00000000e4000000|  0%| F|  |TAMS 0x00000000e3f00000, 0x00000000e3f00000| Untracked 
|  64|0x00000000e4000000, 0x00000000e4000000, 0x00000000e4100000|  0%| F|  |TAMS 0x00000000e4000000, 0x00000000e4000000| Untracked 
|  65|0x00000000e4100000, 0x00000000e4100000, 0x00000000e4200000|  0%| F|  |TAMS 0x00000000e4100000, 0x00000000e4100000| Untracked 
|  66|0x00000000e4200000, 0x00000000e4200000, 0x00000000e4300000|  0%| F|  |TAMS 0x00000000e4200000, 0x00000000e4200000| Untracked 
|  67|0x00000000e4300000, 0x00000000e4300000, 0x00000000e4400000|  0%| F|  |TAMS 0x00000000e4300000, 0x00000000e4300000| Untracked 
|  68|0x00000000e4400000, 0x00000000e4400000, 0x00000000e4500000|  0%| F|  |TAMS 0x00000000e4400000, 0x00000000e4400000| Untracked 
|  69|0x00000000e4500000, 0x00000000e4500000, 0x00000000e4600000|  0%| F|  |TAMS 0x00000000e4500000, 0x00000000e4500000| Untracked 
|  70|0x00000000e4600000, 0x00000000e4600000, 0x00000000e4700000|  0%| F|  |TAMS 0x00000000e4600000, 0x00000000e4600000| Untracked 
|  71|0x00000000e4700000, 0x00000000e4700000, 0x00000000e4800000|  0%| F|  |TAMS 0x00000000e4700000, 0x00000000e4700000| Untracked 
|  72|0x00000000e4800000, 0x00000000e4800000, 0x00000000e4900000|  0%| F|  |TAMS 0x00000000e4800000, 0x00000000e4800000| Untracked 
|  73|0x00000000e4900000, 0x00000000e4900000, 0x00000000e4a00000|  0%| F|  |TAMS 0x00000000e4900000, 0x00000000e4900000| Untracked 
|  74|0x00000000e4a00000, 0x00000000e4a00000, 0x00000000e4b00000|  0%| F|  |TAMS 0x00000000e4a00000, 0x00000000e4a00000| Untracked 
|  75|0x00000000e4b00000, 0x00000000e4b00000, 0x00000000e4c00000|  0%| F|  |TAMS 0x00000000e4b00000, 0x00000000e4b00000| Untracked 
|  76|0x00000000e4c00000, 0x00000000e4c00000, 0x00000000e4d00000|  0%| F|  |TAMS 0x00000000e4c00000, 0x00000000e4c00000| Untracked 
|  77|0x00000000e4d00000, 0x00000000e4d00000, 0x00000000e4e00000|  0%| F|  |TAMS 0x00000000e4d00000, 0x00000000e4d00000| Untracked 
|  78|0x00000000e4e00000, 0x00000000e4e00000, 0x00000000e4f00000|  0%| F|  |TAMS 0x00000000e4e00000, 0x00000000e4e00000| Untracked 
|  79|0x00000000e4f00000, 0x00000000e4f00000, 0x00000000e5000000|  0%| F|  |TAMS 0x00000000e4f00000, 0x00000000e4f00000| Untracked 
|  80|0x00000000e5000000, 0x00000000e5000000, 0x00000000e5100000|  0%| F|  |TAMS 0x00000000e5000000, 0x00000000e5000000| Untracked 
|  81|0x00000000e5100000, 0x00000000e5100000, 0x00000000e5200000|  0%| F|  |TAMS 0x00000000e5100000, 0x00000000e5100000| Untracked 
|  82|0x00000000e5200000, 0x00000000e5200000, 0x00000000e5300000|  0%| F|  |TAMS 0x00000000e5200000, 0x00000000e5200000| Untracked 
|  83|0x00000000e5300000, 0x00000000e5300000, 0x00000000e5400000|  0%| F|  |TAMS 0x00000000e5300000, 0x00000000e5300000| Untracked 
|  84|0x00000000e5400000, 0x00000000e5400000, 0x00000000e5500000|  0%| F|  |TAMS 0x00000000e5400000, 0x00000000e5400000| Untracked 
|  85|0x00000000e5500000, 0x00000000e5500000, 0x00000000e5600000|  0%| F|  |TAMS 0x00000000e5500000, 0x00000000e5500000| Untracked 
|  86|0x00000000e5600000, 0x00000000e5600000, 0x00000000e5700000|  0%| F|  |TAMS 0x00000000e5600000, 0x00000000e5600000| Untracked 
|  87|0x00000000e5700000, 0x00000000e5700000, 0x00000000e5800000|  0%| F|  |TAMS 0x00000000e5700000, 0x00000000e5700000| Untracked 
|  88|0x00000000e5800000, 0x00000000e5800000, 0x00000000e5900000|  0%| F|  |TAMS 0x00000000e5800000, 0x00000000e5800000| Untracked 
|  89|0x00000000e5900000, 0x00000000e5900000, 0x00000000e5a00000|  0%| F|  |TAMS 0x00000000e5900000, 0x00000000e5900000| Untracked 
|  90|0x00000000e5a00000, 0x00000000e5a00000, 0x00000000e5b00000|  0%| F|  |TAMS 0x00000000e5a00000, 0x00000000e5a00000| Untracked 
|  91|0x00000000e5b00000, 0x00000000e5b00000, 0x00000000e5c00000|  0%| F|  |TAMS 0x00000000e5b00000, 0x00000000e5b00000| Untracked 
|  92|0x00000000e5c00000, 0x00000000e5c00000, 0x00000000e5d00000|  0%| F|  |TAMS 0x00000000e5c00000, 0x00000000e5c00000| Untracked 
|  93|0x00000000e5d00000, 0x00000000e5d00000, 0x00000000e5e00000|  0%| F|  |TAMS 0x00000000e5d00000, 0x00000000e5d00000| Untracked 
|  94|0x00000000e5e00000, 0x00000000e5e00000, 0x00000000e5f00000|  0%| F|  |TAMS 0x00000000e5e00000, 0x00000000e5e00000| Untracked 
|  95|0x00000000e5f00000, 0x00000000e5f00000, 0x00000000e6000000|  0%| F|  |TAMS 0x00000000e5f00000, 0x00000000e5f00000| Untracked 
|  96|0x00000000e6000000, 0x00000000e6000000, 0x00000000e6100000|  0%| F|  |TAMS 0x00000000e6000000, 0x00000000e6000000| Untracked 
|  97|0x00000000e6100000, 0x00000000e6100000, 0x00000000e6200000|  0%| F|  |TAMS 0x00000000e6100000, 0x00000000e6100000| Untracked 
|  98|0x00000000e6200000, 0x00000000e6200000, 0x00000000e6300000|  0%| F|  |TAMS 0x00000000e6200000, 0x00000000e6200000| Untracked 
|  99|0x00000000e6300000, 0x00000000e6300000, 0x00000000e6400000|  0%| F|  |TAMS 0x00000000e6300000, 0x00000000e6300000| Untracked 
| 100|0x00000000e6400000, 0x00000000e6400000, 0x00000000e6500000|  0%| F|  |TAMS 0x00000000e6400000, 0x00000000e6400000| Untracked 
| 101|0x00000000e6500000, 0x00000000e6500000, 0x00000000e6600000|  0%| F|  |TAMS 0x00000000e6500000, 0x00000000e6500000| Untracked 
| 102|0x00000000e6600000, 0x00000000e6600000, 0x00000000e6700000|  0%| F|  |TAMS 0x00000000e6600000, 0x00000000e6600000| Untracked 
| 103|0x00000000e6700000, 0x00000000e6700000, 0x00000000e6800000|  0%| F|  |TAMS 0x00000000e6700000, 0x00000000e6700000| Untracked 
| 104|0x00000000e6800000, 0x00000000e6800000, 0x00000000e6900000|  0%| F|  |TAMS 0x00000000e6800000, 0x00000000e6800000| Untracked 
| 105|0x00000000e6900000, 0x00000000e6900000, 0x00000000e6a00000|  0%| F|  |TAMS 0x00000000e6900000, 0x00000000e6900000| Untracked 
| 106|0x00000000e6a00000, 0x00000000e6a00000, 0x00000000e6b00000|  0%| F|  |TAMS 0x00000000e6a00000, 0x00000000e6a00000| Untracked 
| 107|0x00000000e6b00000, 0x00000000e6b00000, 0x00000000e6c00000|  0%| F|  |TAMS 0x00000000e6b00000, 0x00000000e6b00000| Untracked 
| 108|0x00000000e6c00000, 0x00000000e6c00000, 0x00000000e6d00000|  0%| F|  |TAMS 0x00000000e6c00000, 0x00000000e6c00000| Untracked 
| 109|0x00000000e6d00000, 0x00000000e6d00000, 0x00000000e6e00000|  0%| F|  |TAMS 0x00000000e6d00000, 0x00000000e6d00000| Untracked 
| 110|0x00000000e6e00000, 0x00000000e6e00000, 0x00000000e6f00000|  0%| F|  |TAMS 0x00000000e6e00000, 0x00000000e6e00000| Untracked 
| 111|0x00000000e6f00000, 0x00000000e6f00000, 0x00000000e7000000|  0%| F|  |TAMS 0x00000000e6f00000, 0x00000000e6f00000| Untracked 
| 112|0x00000000e7000000, 0x00000000e7000000, 0x00000000e7100000|  0%| F|  |TAMS 0x00000000e7000000, 0x00000000e7000000| Untracked 
| 113|0x00000000e7100000, 0x00000000e7100000, 0x00000000e7200000|  0%| F|  |TAMS 0x00000000e7100000, 0x00000000e7100000| Untracked 
| 114|0x00000000e7200000, 0x00000000e7200000, 0x00000000e7300000|  0%| F|  |TAMS 0x00000000e7200000, 0x00000000e7200000| Untracked 
| 115|0x00000000e7300000, 0x00000000e7300000, 0x00000000e7400000|  0%| F|  |TAMS 0x00000000e7300000, 0x00000000e7300000| Untracked 
| 116|0x00000000e7400000, 0x00000000e7400000, 0x00000000e7500000|  0%| F|  |TAMS 0x00000000e7400000, 0x00000000e7400000| Untracked 
| 117|0x00000000e7500000, 0x00000000e7500000, 0x00000000e7600000|  0%| F|  |TAMS 0x00000000e7500000, 0x00000000e7500000| Untracked 
| 118|0x00000000e7600000, 0x00000000e7600000, 0x00000000e7700000|  0%| F|  |TAMS 0x00000000e7600000, 0x00000000e7600000| Untracked 
| 119|0x00000000e7700000, 0x00000000e7700000, 0x00000000e7800000|  0%| F|  |TAMS 0x00000000e7700000, 0x00000000e7700000| Untracked 
| 120|0x00000000e7800000, 0x00000000e7800000, 0x00000000e7900000|  0%| F|  |TAMS 0x00000000e7800000, 0x00000000e7800000| Untracked 
| 121|0x00000000e7900000, 0x00000000e7900000, 0x00000000e7a00000|  0%| F|  |TAMS 0x00000000e7900000, 0x00000000e7900000| Untracked 
| 122|0x00000000e7a00000, 0x00000000e7a00000, 0x00000000e7b00000|  0%| F|  |TAMS 0x00000000e7a00000, 0x00000000e7a00000| Untracked 
| 123|0x00000000e7b00000, 0x00000000e7b00000, 0x00000000e7c00000|  0%| F|  |TAMS 0x00000000e7b00000, 0x00000000e7b00000| Untracked 
| 124|0x00000000e7c00000, 0x00000000e7c00000, 0x00000000e7d00000|  0%| F|  |TAMS 0x00000000e7c00000, 0x00000000e7c00000| Untracked 
| 125|0x00000000e7d00000, 0x00000000e7d00000, 0x00000000e7e00000|  0%| F|  |TAMS 0x00000000e7d00000, 0x00000000e7d00000| Untracked 
| 126|0x00000000e7e00000, 0x00000000e7e00000, 0x00000000e7f00000|  0%| F|  |TAMS 0x00000000e7e00000, 0x00000000e7e00000| Untracked 
| 127|0x00000000e7f00000, 0x00000000e7f00000, 0x00000000e8000000|  0%| F|  |TAMS 0x00000000e7f00000, 0x00000000e7f00000| Untracked 
| 128|0x00000000e8000000, 0x00000000e8000000, 0x00000000e8100000|  0%| F|  |TAMS 0x00000000e8000000, 0x00000000e8000000| Untracked 
| 129|0x00000000e8100000, 0x00000000e8100000, 0x00000000e8200000|  0%| F|  |TAMS 0x00000000e8100000, 0x00000000e8100000| Untracked 
| 130|0x00000000e8200000, 0x00000000e8200000, 0x00000000e8300000|  0%| F|  |TAMS 0x00000000e8200000, 0x00000000e8200000| Untracked 
| 131|0x00000000e8300000, 0x00000000e8300000, 0x00000000e8400000|  0%| F|  |TAMS 0x00000000e8300000, 0x00000000e8300000| Untracked 
| 132|0x00000000e8400000, 0x00000000e8400000, 0x00000000e8500000|  0%| F|  |TAMS 0x00000000e8400000, 0x00000000e8400000| Untracked 
| 133|0x00000000e8500000, 0x00000000e8500000, 0x00000000e8600000|  0%| F|  |TAMS 0x00000000e8500000, 0x00000000e8500000| Untracked 
| 134|0x00000000e8600000, 0x00000000e8600000, 0x00000000e8700000|  0%| F|  |TAMS 0x00000000e8600000, 0x00000000e8600000| Untracked 
| 135|0x00000000e8700000, 0x00000000e8700000, 0x00000000e8800000|  0%| F|  |TAMS 0x00000000e8700000, 0x00000000e8700000| Untracked 
| 136|0x00000000e8800000, 0x00000000e8800000, 0x00000000e8900000|  0%| F|  |TAMS 0x00000000e8800000, 0x00000000e8800000| Untracked 
| 137|0x00000000e8900000, 0x00000000e8900000, 0x00000000e8a00000|  0%| F|  |TAMS 0x00000000e8900000, 0x00000000e8900000| Untracked 
| 138|0x00000000e8a00000, 0x00000000e8a00000, 0x00000000e8b00000|  0%| F|  |TAMS 0x00000000e8a00000, 0x00000000e8a00000| Untracked 
| 139|0x00000000e8b00000, 0x00000000e8b00000, 0x00000000e8c00000|  0%| F|  |TAMS 0x00000000e8b00000, 0x00000000e8b00000| Untracked 
| 140|0x00000000e8c00000, 0x00000000e8c00000, 0x00000000e8d00000|  0%| F|  |TAMS 0x00000000e8c00000, 0x00000000e8c00000| Untracked 
| 141|0x00000000e8d00000, 0x00000000e8d00000, 0x00000000e8e00000|  0%| F|  |TAMS 0x00000000e8d00000, 0x00000000e8d00000| Untracked 
| 142|0x00000000e8e00000, 0x00000000e8e00000, 0x00000000e8f00000|  0%| F|  |TAMS 0x00000000e8e00000, 0x00000000e8e00000| Untracked 
| 143|0x00000000e8f00000, 0x00000000e8f00000, 0x00000000e9000000|  0%| F|  |TAMS 0x00000000e8f00000, 0x00000000e8f00000| Untracked 
| 144|0x00000000e9000000, 0x00000000e9000000, 0x00000000e9100000|  0%| F|  |TAMS 0x00000000e9000000, 0x00000000e9000000| Untracked 
| 145|0x00000000e9100000, 0x00000000e9161af8, 0x00000000e9200000| 38%| S|CS|TAMS 0x00000000e9100000, 0x00000000e9100000| Complete 
| 146|0x00000000e9200000, 0x00000000e9300000, 0x00000000e9300000|100%| S|CS|TAMS 0x00000000e9200000, 0x00000000e9200000| Complete 
| 147|0x00000000e9300000, 0x00000000e9400000, 0x00000000e9400000|100%| S|CS|TAMS 0x00000000e9300000, 0x00000000e9300000| Complete 
| 148|0x00000000e9400000, 0x00000000e9500000, 0x00000000e9500000|100%| S|CS|TAMS 0x00000000e9400000, 0x00000000e9400000| Complete 
| 149|0x00000000e9500000, 0x00000000e9600000, 0x00000000e9600000|100%| S|CS|TAMS 0x00000000e9500000, 0x00000000e9500000| Complete 
| 150|0x00000000e9600000, 0x00000000e9700000, 0x00000000e9700000|100%| S|CS|TAMS 0x00000000e9600000, 0x00000000e9600000| Complete 
| 151|0x00000000e9700000, 0x00000000e9800000, 0x00000000e9800000|100%| S|CS|TAMS 0x00000000e9700000, 0x00000000e9700000| Complete 
| 152|0x00000000e9800000, 0x00000000e9900000, 0x00000000e9900000|100%| S|CS|TAMS 0x00000000e9800000, 0x00000000e9800000| Complete 
| 153|0x00000000e9900000, 0x00000000e9a00000, 0x00000000e9a00000|100%| S|CS|TAMS 0x00000000e9900000, 0x00000000e9900000| Complete 
| 154|0x00000000e9a00000, 0x00000000e9b00000, 0x00000000e9b00000|100%| S|CS|TAMS 0x00000000e9a00000, 0x00000000e9a00000| Complete 
| 155|0x00000000e9b00000, 0x00000000e9c00000, 0x00000000e9c00000|100%| S|CS|TAMS 0x00000000e9b00000, 0x00000000e9b00000| Complete 
| 156|0x00000000e9c00000, 0x00000000e9d00000, 0x00000000e9d00000|100%| S|CS|TAMS 0x00000000e9c00000, 0x00000000e9c00000| Complete 
| 157|0x00000000e9d00000, 0x00000000e9e00000, 0x00000000e9e00000|100%| S|CS|TAMS 0x00000000e9d00000, 0x00000000e9d00000| Complete 
| 158|0x00000000e9e00000, 0x00000000e9e00000, 0x00000000e9f00000|  0%| F|  |TAMS 0x00000000e9e00000, 0x00000000e9e00000| Untracked 
| 159|0x00000000e9f00000, 0x00000000e9f00000, 0x00000000ea000000|  0%| F|  |TAMS 0x00000000e9f00000, 0x00000000e9f00000| Untracked 
| 160|0x00000000ea000000, 0x00000000ea000000, 0x00000000ea100000|  0%| F|  |TAMS 0x00000000ea000000, 0x00000000ea000000| Untracked 
| 161|0x00000000ea100000, 0x00000000ea100000, 0x00000000ea200000|  0%| F|  |TAMS 0x00000000ea100000, 0x00000000ea100000| Untracked 
| 162|0x00000000ea200000, 0x00000000ea200000, 0x00000000ea300000|  0%| F|  |TAMS 0x00000000ea200000, 0x00000000ea200000| Untracked 
| 163|0x00000000ea300000, 0x00000000ea300000, 0x00000000ea400000|  0%| F|  |TAMS 0x00000000ea300000, 0x00000000ea300000| Untracked 
| 164|0x00000000ea400000, 0x00000000ea400000, 0x00000000ea500000|  0%| F|  |TAMS 0x00000000ea400000, 0x00000000ea400000| Untracked 
| 165|0x00000000ea500000, 0x00000000ea600000, 0x00000000ea600000|100%| E|  |TAMS 0x00000000ea500000, 0x00000000ea500000| Complete 
| 166|0x00000000ea600000, 0x00000000ea700000, 0x00000000ea700000|100%| E|CS|TAMS 0x00000000ea600000, 0x00000000ea600000| Complete 
| 167|0x00000000ea700000, 0x00000000ea800000, 0x00000000ea800000|100%| E|CS|TAMS 0x00000000ea700000, 0x00000000ea700000| Complete 
| 168|0x00000000ea800000, 0x00000000ea900000, 0x00000000ea900000|100%| E|CS|TAMS 0x00000000ea800000, 0x00000000ea800000| Complete 
| 169|0x00000000ea900000, 0x00000000eaa00000, 0x00000000eaa00000|100%| E|CS|TAMS 0x00000000ea900000, 0x00000000ea900000| Complete 
| 170|0x00000000eaa00000, 0x00000000eab00000, 0x00000000eab00000|100%| E|CS|TAMS 0x00000000eaa00000, 0x00000000eaa00000| Complete 
| 171|0x00000000eab00000, 0x00000000eac00000, 0x00000000eac00000|100%| E|CS|TAMS 0x00000000eab00000, 0x00000000eab00000| Complete 
| 172|0x00000000eac00000, 0x00000000ead00000, 0x00000000ead00000|100%| E|CS|TAMS 0x00000000eac00000, 0x00000000eac00000| Complete 
| 173|0x00000000ead00000, 0x00000000eae00000, 0x00000000eae00000|100%| E|CS|TAMS 0x00000000ead00000, 0x00000000ead00000| Complete 
| 174|0x00000000eae00000, 0x00000000eaf00000, 0x00000000eaf00000|100%| E|  |TAMS 0x00000000eae00000, 0x00000000eae00000| Complete 
| 175|0x00000000eaf00000, 0x00000000eb000000, 0x00000000eb000000|100%| E|CS|TAMS 0x00000000eaf00000, 0x00000000eaf00000| Complete 
| 176|0x00000000eb000000, 0x00000000eb100000, 0x00000000eb100000|100%| E|CS|TAMS 0x00000000eb000000, 0x00000000eb000000| Complete 
| 177|0x00000000eb100000, 0x00000000eb200000, 0x00000000eb200000|100%| E|CS|TAMS 0x00000000eb100000, 0x00000000eb100000| Complete 
| 178|0x00000000eb200000, 0x00000000eb300000, 0x00000000eb300000|100%| E|CS|TAMS 0x00000000eb200000, 0x00000000eb200000| Complete 
| 179|0x00000000eb300000, 0x00000000eb400000, 0x00000000eb400000|100%| E|CS|TAMS 0x00000000eb300000, 0x00000000eb300000| Complete 
| 180|0x00000000eb400000, 0x00000000eb500000, 0x00000000eb500000|100%| E|CS|TAMS 0x00000000eb400000, 0x00000000eb400000| Complete 
| 181|0x00000000eb500000, 0x00000000eb600000, 0x00000000eb600000|100%| E|CS|TAMS 0x00000000eb500000, 0x00000000eb500000| Complete 
| 182|0x00000000eb600000, 0x00000000eb700000, 0x00000000eb700000|100%| E|CS|TAMS 0x00000000eb600000, 0x00000000eb600000| Complete 
| 183|0x00000000eb700000, 0x00000000eb800000, 0x00000000eb800000|100%| E|CS|TAMS 0x00000000eb700000, 0x00000000eb700000| Complete 
| 184|0x00000000eb800000, 0x00000000eb900000, 0x00000000eb900000|100%| E|CS|TAMS 0x00000000eb800000, 0x00000000eb800000| Complete 
| 185|0x00000000eb900000, 0x00000000eba00000, 0x00000000eba00000|100%| E|CS|TAMS 0x00000000eb900000, 0x00000000eb900000| Complete 
| 186|0x00000000eba00000, 0x00000000ebb00000, 0x00000000ebb00000|100%| E|CS|TAMS 0x00000000eba00000, 0x00000000eba00000| Complete 
| 187|0x00000000ebb00000, 0x00000000ebc00000, 0x00000000ebc00000|100%| E|CS|TAMS 0x00000000ebb00000, 0x00000000ebb00000| Complete 
| 188|0x00000000ebc00000, 0x00000000ebd00000, 0x00000000ebd00000|100%| E|CS|TAMS 0x00000000ebc00000, 0x00000000ebc00000| Complete 
| 189|0x00000000ebd00000, 0x00000000ebe00000, 0x00000000ebe00000|100%| E|CS|TAMS 0x00000000ebd00000, 0x00000000ebd00000| Complete 
| 190|0x00000000ebe00000, 0x00000000ebf00000, 0x00000000ebf00000|100%| E|CS|TAMS 0x00000000ebe00000, 0x00000000ebe00000| Complete 
| 191|0x00000000ebf00000, 0x00000000ec000000, 0x00000000ec000000|100%| E|CS|TAMS 0x00000000ebf00000, 0x00000000ebf00000| Complete 
| 192|0x00000000ec000000, 0x00000000ec100000, 0x00000000ec100000|100%| E|CS|TAMS 0x00000000ec000000, 0x00000000ec000000| Complete 
| 193|0x00000000ec100000, 0x00000000ec200000, 0x00000000ec200000|100%| E|CS|TAMS 0x00000000ec100000, 0x00000000ec100000| Complete 
| 194|0x00000000ec200000, 0x00000000ec300000, 0x00000000ec300000|100%| E|CS|TAMS 0x00000000ec200000, 0x00000000ec200000| Complete 
| 195|0x00000000ec300000, 0x00000000ec400000, 0x00000000ec400000|100%| E|CS|TAMS 0x00000000ec300000, 0x00000000ec300000| Complete 
| 196|0x00000000ec400000, 0x00000000ec500000, 0x00000000ec500000|100%| E|CS|TAMS 0x00000000ec400000, 0x00000000ec400000| Complete 
| 197|0x00000000ec500000, 0x00000000ec600000, 0x00000000ec600000|100%| E|CS|TAMS 0x00000000ec500000, 0x00000000ec500000| Complete 
| 198|0x00000000ec600000, 0x00000000ec700000, 0x00000000ec700000|100%| E|CS|TAMS 0x00000000ec600000, 0x00000000ec600000| Complete 
| 199|0x00000000ec700000, 0x00000000ec800000, 0x00000000ec800000|100%| E|CS|TAMS 0x00000000ec700000, 0x00000000ec700000| Complete 
| 200|0x00000000ec800000, 0x00000000ec900000, 0x00000000ec900000|100%| E|CS|TAMS 0x00000000ec800000, 0x00000000ec800000| Complete 
| 201|0x00000000ec900000, 0x00000000eca00000, 0x00000000eca00000|100%| E|CS|TAMS 0x00000000ec900000, 0x00000000ec900000| Complete 
| 202|0x00000000eca00000, 0x00000000ecb00000, 0x00000000ecb00000|100%| E|CS|TAMS 0x00000000eca00000, 0x00000000eca00000| Complete 
| 203|0x00000000ecb00000, 0x00000000ecc00000, 0x00000000ecc00000|100%| E|CS|TAMS 0x00000000ecb00000, 0x00000000ecb00000| Complete 
| 204|0x00000000ecc00000, 0x00000000ecd00000, 0x00000000ecd00000|100%| E|CS|TAMS 0x00000000ecc00000, 0x00000000ecc00000| Complete 
| 205|0x00000000ecd00000, 0x00000000ece00000, 0x00000000ece00000|100%| E|CS|TAMS 0x00000000ecd00000, 0x00000000ecd00000| Complete 
| 206|0x00000000ece00000, 0x00000000ecf00000, 0x00000000ecf00000|100%| E|CS|TAMS 0x00000000ece00000, 0x00000000ece00000| Complete 
| 207|0x00000000ecf00000, 0x00000000ed000000, 0x00000000ed000000|100%| E|CS|TAMS 0x00000000ecf00000, 0x00000000ecf00000| Complete 
| 208|0x00000000ed000000, 0x00000000ed100000, 0x00000000ed100000|100%| E|CS|TAMS 0x00000000ed000000, 0x00000000ed000000| Complete 
| 209|0x00000000ed100000, 0x00000000ed200000, 0x00000000ed200000|100%| E|CS|TAMS 0x00000000ed100000, 0x00000000ed100000| Complete 
| 210|0x00000000ed200000, 0x00000000ed300000, 0x00000000ed300000|100%| E|CS|TAMS 0x00000000ed200000, 0x00000000ed200000| Complete 
| 211|0x00000000ed300000, 0x00000000ed400000, 0x00000000ed400000|100%| E|CS|TAMS 0x00000000ed300000, 0x00000000ed300000| Complete 
| 212|0x00000000ed400000, 0x00000000ed500000, 0x00000000ed500000|100%| E|CS|TAMS 0x00000000ed400000, 0x00000000ed400000| Complete 
| 213|0x00000000ed500000, 0x00000000ed600000, 0x00000000ed600000|100%| E|CS|TAMS 0x00000000ed500000, 0x00000000ed500000| Complete 
| 214|0x00000000ed600000, 0x00000000ed700000, 0x00000000ed700000|100%| E|CS|TAMS 0x00000000ed600000, 0x00000000ed600000| Complete 
| 215|0x00000000ed700000, 0x00000000ed800000, 0x00000000ed800000|100%| E|CS|TAMS 0x00000000ed700000, 0x00000000ed700000| Complete 
| 216|0x00000000ed800000, 0x00000000ed900000, 0x00000000ed900000|100%| E|CS|TAMS 0x00000000ed800000, 0x00000000ed800000| Complete 
| 217|0x00000000ed900000, 0x00000000eda00000, 0x00000000eda00000|100%| E|CS|TAMS 0x00000000ed900000, 0x00000000ed900000| Complete 
| 218|0x00000000eda00000, 0x00000000edb00000, 0x00000000edb00000|100%| E|CS|TAMS 0x00000000eda00000, 0x00000000eda00000| Complete 
| 219|0x00000000edb00000, 0x00000000edc00000, 0x00000000edc00000|100%| E|CS|TAMS 0x00000000edb00000, 0x00000000edb00000| Complete 
| 220|0x00000000edc00000, 0x00000000edd00000, 0x00000000edd00000|100%| E|CS|TAMS 0x00000000edc00000, 0x00000000edc00000| Complete 
| 221|0x00000000edd00000, 0x00000000ede00000, 0x00000000ede00000|100%| E|CS|TAMS 0x00000000edd00000, 0x00000000edd00000| Complete 
| 222|0x00000000ede00000, 0x00000000edf00000, 0x00000000edf00000|100%| E|CS|TAMS 0x00000000ede00000, 0x00000000ede00000| Complete 
| 223|0x00000000edf00000, 0x00000000ee000000, 0x00000000ee000000|100%| E|CS|TAMS 0x00000000edf00000, 0x00000000edf00000| Complete 
| 224|0x00000000ee000000, 0x00000000ee100000, 0x00000000ee100000|100%| E|CS|TAMS 0x00000000ee000000, 0x00000000ee000000| Complete 
| 225|0x00000000ee100000, 0x00000000ee200000, 0x00000000ee200000|100%| E|CS|TAMS 0x00000000ee100000, 0x00000000ee100000| Complete 
| 226|0x00000000ee200000, 0x00000000ee300000, 0x00000000ee300000|100%| E|CS|TAMS 0x00000000ee200000, 0x00000000ee200000| Complete 
| 227|0x00000000ee300000, 0x00000000ee400000, 0x00000000ee400000|100%| E|CS|TAMS 0x00000000ee300000, 0x00000000ee300000| Complete 
| 228|0x00000000ee400000, 0x00000000ee500000, 0x00000000ee500000|100%| E|CS|TAMS 0x00000000ee400000, 0x00000000ee400000| Complete 
| 229|0x00000000ee500000, 0x00000000ee600000, 0x00000000ee600000|100%| E|CS|TAMS 0x00000000ee500000, 0x00000000ee500000| Complete 
| 230|0x00000000ee600000, 0x00000000ee700000, 0x00000000ee700000|100%| E|CS|TAMS 0x00000000ee600000, 0x00000000ee600000| Complete 
| 231|0x00000000ee700000, 0x00000000ee800000, 0x00000000ee800000|100%| E|CS|TAMS 0x00000000ee700000, 0x00000000ee700000| Complete 
| 232|0x00000000ee800000, 0x00000000ee900000, 0x00000000ee900000|100%| E|CS|TAMS 0x00000000ee800000, 0x00000000ee800000| Complete 
| 233|0x00000000ee900000, 0x00000000eea00000, 0x00000000eea00000|100%| E|CS|TAMS 0x00000000ee900000, 0x00000000ee900000| Complete 
| 234|0x00000000eea00000, 0x00000000eeb00000, 0x00000000eeb00000|100%| E|CS|TAMS 0x00000000eea00000, 0x00000000eea00000| Complete 
| 235|0x00000000eeb00000, 0x00000000eec00000, 0x00000000eec00000|100%| E|CS|TAMS 0x00000000eeb00000, 0x00000000eeb00000| Complete 
| 236|0x00000000eec00000, 0x00000000eed00000, 0x00000000eed00000|100%| E|CS|TAMS 0x00000000eec00000, 0x00000000eec00000| Complete 
| 237|0x00000000eed00000, 0x00000000eee00000, 0x00000000eee00000|100%| E|CS|TAMS 0x00000000eed00000, 0x00000000eed00000| Complete 
| 238|0x00000000eee00000, 0x00000000eef00000, 0x00000000eef00000|100%| E|CS|TAMS 0x00000000eee00000, 0x00000000eee00000| Complete 
| 239|0x00000000eef00000, 0x00000000ef000000, 0x00000000ef000000|100%| E|CS|TAMS 0x00000000eef00000, 0x00000000eef00000| Complete 
| 240|0x00000000ef000000, 0x00000000ef100000, 0x00000000ef100000|100%| E|CS|TAMS 0x00000000ef000000, 0x00000000ef000000| Complete 
| 241|0x00000000ef100000, 0x00000000ef200000, 0x00000000ef200000|100%| E|CS|TAMS 0x00000000ef100000, 0x00000000ef100000| Complete 
| 242|0x00000000ef200000, 0x00000000ef300000, 0x00000000ef300000|100%| E|CS|TAMS 0x00000000ef200000, 0x00000000ef200000| Complete 
| 243|0x00000000ef300000, 0x00000000ef400000, 0x00000000ef400000|100%| E|CS|TAMS 0x00000000ef300000, 0x00000000ef300000| Complete 
| 244|0x00000000ef400000, 0x00000000ef500000, 0x00000000ef500000|100%| E|CS|TAMS 0x00000000ef400000, 0x00000000ef400000| Complete 
| 245|0x00000000ef500000, 0x00000000ef600000, 0x00000000ef600000|100%| E|CS|TAMS 0x00000000ef500000, 0x00000000ef500000| Complete 
| 246|0x00000000ef600000, 0x00000000ef700000, 0x00000000ef700000|100%| E|CS|TAMS 0x00000000ef600000, 0x00000000ef600000| Complete 
| 247|0x00000000ef700000, 0x00000000ef800000, 0x00000000ef800000|100%| E|CS|TAMS 0x00000000ef700000, 0x00000000ef700000| Complete 
| 248|0x00000000ef800000, 0x00000000ef900000, 0x00000000ef900000|100%| E|CS|TAMS 0x00000000ef800000, 0x00000000ef800000| Complete 
| 249|0x00000000ef900000, 0x00000000efa00000, 0x00000000efa00000|100%| E|CS|TAMS 0x00000000ef900000, 0x00000000ef900000| Complete 
| 250|0x00000000efa00000, 0x00000000efb00000, 0x00000000efb00000|100%| E|CS|TAMS 0x00000000efa00000, 0x00000000efa00000| Complete 
| 251|0x00000000efb00000, 0x00000000efc00000, 0x00000000efc00000|100%| E|CS|TAMS 0x00000000efb00000, 0x00000000efb00000| Complete 
| 252|0x00000000efc00000, 0x00000000efd00000, 0x00000000efd00000|100%| E|CS|TAMS 0x00000000efc00000, 0x00000000efc00000| Complete 
| 253|0x00000000efd00000, 0x00000000efe00000, 0x00000000efe00000|100%| E|CS|TAMS 0x00000000efd00000, 0x00000000efd00000| Complete 
| 254|0x00000000efe00000, 0x00000000eff00000, 0x00000000eff00000|100%| E|CS|TAMS 0x00000000efe00000, 0x00000000efe00000| Complete 
| 255|0x00000000eff00000, 0x00000000f0000000, 0x00000000f0000000|100%| E|CS|TAMS 0x00000000eff00000, 0x00000000eff00000| Complete 

Card table byte_map: [0x0000019da4d80000,0x0000019da4e80000] _byte_map_base: 0x0000019da4680000

Marking Bits (Prev, Next): (CMBitMap*) 0x0000019d8bf7a660, (CMBitMap*) 0x0000019d8bf7a620
 Prev Bits: [0x0000019da5780000, 0x0000019da5f80000)
 Next Bits: [0x0000019da4f80000, 0x0000019da5780000)

Polling page: 0x0000019d951e0000

Metaspace:

Usage:
  Non-class:     29.06 MB used.
      Class:      4.61 MB used.
       Both:     33.67 MB used.

Virtual space:
  Non-class space:       64.00 MB reserved,      29.31 MB ( 46%) committed,  1 nodes.
      Class space:      320.00 MB reserved,       4.81 MB (  2%) committed,  1 nodes.
             Both:      384.00 MB reserved,      34.12 MB (  9%) committed. 

Chunk freelists:
   Non-Class:  2.48 MB
       Class:  11.23 MB
        Both:  13.71 MB

MaxMetaspaceSize: 384.00 MB
CompressedClassSpaceSize: 320.00 MB
Initial GC threshold: 21.00 MB
Current GC threshold: 35.12 MB
CDS: on
MetaspaceReclaimPolicy: balanced
 - commit_granule_bytes: 65536.
 - commit_granule_words: 8192.
 - virtual_space_node_default_size: 8388608.
 - enlarge_chunks_in_place: 1.
 - new_chunks_are_fully_committed: 0.
 - uncommit_free_chunks: 1.
 - use_allocation_guard: 0.
 - handle_deallocations: 1.


Internal statistics:

num_allocs_failed_limit: 3.
num_arena_births: 408.
num_arena_deaths: 0.
num_vsnodes_births: 2.
num_vsnodes_deaths: 0.
num_space_committed: 546.
num_space_uncommitted: 0.
num_chunks_returned_to_freelist: 3.
num_chunks_taken_from_freelist: 1621.
num_chunk_merges: 3.
num_chunk_splits: 1059.
num_chunks_enlarged: 743.
num_inconsistent_stats: 0.

CodeHeap 'non-profiled nmethods': size=120000Kb used=2018Kb max_used=2018Kb free=117982Kb
 bounds [0x0000019d9ccd0000, 0x0000019d9cf40000, 0x0000019da4200000]
CodeHeap 'profiled nmethods': size=120000Kb used=8320Kb max_used=8320Kb free=111679Kb
 bounds [0x0000019d95200000, 0x0000019d95a30000, 0x0000019d9c730000]
CodeHeap 'non-nmethods': size=5760Kb used=2293Kb max_used=2318Kb free=3466Kb
 bounds [0x0000019d9c730000, 0x0000019d9c9a0000, 0x0000019d9ccd0000]
 total_blobs=4800 nmethods=3999 adapters=713
 compilation: enabled
              stopped_count=0, restarted_count=0
 full_count=0

Compilation events (20 events):
Event: 18.519 Thread 0x0000019da89dd8e0 nmethod 3963 0x0000019d9cec5390 code [0x0000019d9cec5580, 0x0000019d9cec60d0]
Event: 18.519 Thread 0x0000019da89dd8e0 3977       4       java.nio.HeapByteBuffer::ix (7 bytes)
Event: 18.519 Thread 0x0000019da89dd8e0 nmethod 3977 0x0000019d9cec6810 code [0x0000019d9cec6980, 0x0000019d9cec69f8]
Event: 18.697 Thread 0x0000019da89dfeb0 3984       3       java.util.Collections::addAll (43 bytes)
Event: 18.698 Thread 0x0000019da89dfeb0 nmethod 3984 0x0000019d95a12e90 code [0x0000019d95a13040, 0x0000019d95a13308]
Event: 18.698 Thread 0x0000019da89dd8e0 3985       4       java.util.LinkedHashMap$LinkedValueIterator::next (8 bytes)
Event: 18.698 Thread 0x0000019da89dfeb0 3986       3       java.util.ArrayList$ArrayListSpliterator::estimateSize (11 bytes)
Event: 18.698 Thread 0x0000019da89dfeb0 nmethod 3986 0x0000019d95a13490 code [0x0000019d95a13620, 0x0000019d95a137d8]
Event: 18.698 Thread 0x0000019da89dfeb0 3987       3       com.google.common.collect.ImmutableList$Builder::getReadyToExpandTo (66 bytes)
Event: 18.699 Thread 0x0000019da89dfeb0 nmethod 3987 0x0000019d95a13890 code [0x0000019d95a13a80, 0x0000019d95a13ec8]
Event: 18.700 Thread 0x0000019da89dd8e0 nmethod 3985 0x0000019d9cec6b10 code [0x0000019d9cec6c80, 0x0000019d9cec6ef8]
Event: 18.701 Thread 0x0000019da89dd8e0 3988       4       org.codehaus.groovy.runtime.metaclass.MetaMethodIndex::addMethodToList (131 bytes)
Event: 18.702 Thread 0x0000019da89dfeb0 3989       3       org.codehaus.groovy.reflection.CachedClass::isAssignableFrom (21 bytes)
Event: 18.702 Thread 0x0000019da89dfeb0 nmethod 3989 0x0000019d95a14090 code [0x0000019d95a14240, 0x0000019d95a144c8]
Event: 18.707 Thread 0x0000019da89dfeb0 3992       3       java.lang.StringBuilder::<init> (6 bytes)
Event: 18.707 Thread 0x0000019da89dfeb0 nmethod 3992 0x0000019d95a14590 code [0x0000019d95a14720, 0x0000019d95a14868]
Event: 18.707 Thread 0x0000019da89dfeb0 3993       3       java.beans.Introspector::addPropertyDescriptor (265 bytes)
Event: 18.711 Thread 0x0000019da89dfeb0 nmethod 3993 0x0000019d95a14910 code [0x0000019d95a14f80, 0x0000019d95a19bb8]
Event: 18.745 Thread 0x0000019da89dfeb0 3994       3       java.lang.invoke.LambdaFormEditor$TransformKey::bval (26 bytes)
Event: 18.745 Thread 0x0000019da89dfeb0 nmethod 3994 0x0000019d95a1ae90 code [0x0000019d95a1b020, 0x0000019d95a1b118]

GC Heap History (6 events):
Event: 2.963 GC heap before
{Heap before GC invocations=0 (full 0):
 garbage-first heap   total 262144K, used 26624K [0x00000000e0000000, 0x0000000100000000)
  region size 1024K, 23 young (23552K), 0 survivors (0K)
 Metaspace       used 3051K, committed 3200K, reserved 393216K
  class space    used 381K, committed 448K, reserved 327680K
}
Event: 2.998 GC heap after
{Heap after GC invocations=1 (full 0):
 garbage-first heap   total 262144K, used 10136K [0x00000000e0000000, 0x0000000100000000)
  region size 1024K, 3 young (3072K), 3 survivors (3072K)
 Metaspace       used 3051K, committed 3200K, reserved 393216K
  class space    used 381K, committed 448K, reserved 327680K
}
Event: 5.094 GC heap before
{Heap before GC invocations=1 (full 0):
 garbage-first heap   total 262144K, used 37784K [0x00000000e0000000, 0x0000000100000000)
  region size 1024K, 30 young (30720K), 3 survivors (3072K)
 Metaspace       used 3962K, committed 4160K, reserved 393216K
  class space    used 476K, committed 576K, reserved 327680K
}
Event: 5.098 GC heap after
{Heap after GC invocations=2 (full 0):
 garbage-first heap   total 262144K, used 13230K [0x00000000e0000000, 0x0000000100000000)
  region size 1024K, 3 young (3072K), 3 survivors (3072K)
 Metaspace       used 3962K, committed 4160K, reserved 393216K
  class space    used 476K, committed 576K, reserved 327680K
}
Event: 12.445 GC heap before
{Heap before GC invocations=2 (full 0):
 garbage-first heap   total 262144K, used 108462K [0x00000000e0000000, 0x0000000100000000)
  region size 1024K, 98 young (100352K), 3 survivors (3072K)
 Metaspace       used 21125K, committed 21504K, reserved 393216K
  class space    used 3088K, committed 3264K, reserved 327680K
}
Event: 12.463 GC heap after
{Heap after GC invocations=3 (full 0):
 garbage-first heap   total 262144K, used 23168K [0x00000000e0000000, 0x0000000100000000)
  region size 1024K, 13 young (13312K), 13 survivors (13312K)
 Metaspace       used 21125K, committed 21504K, reserved 393216K
  class space    used 3088K, committed 3264K, reserved 327680K
}

Dll operation events (12 events):
Event: 0.020 Loaded shared library C:\Program Files\Eclipse Adoptium\jdk-17.0.7.7-hotspot\bin\java.dll
Event: 0.038 Loaded shared library C:\Program Files\Eclipse Adoptium\jdk-17.0.7.7-hotspot\bin\jsvml.dll
Event: 0.152 Loaded shared library C:\Program Files\Eclipse Adoptium\jdk-17.0.7.7-hotspot\bin\net.dll
Event: 0.156 Loaded shared library C:\Program Files\Eclipse Adoptium\jdk-17.0.7.7-hotspot\bin\nio.dll
Event: 0.176 Loaded shared library C:\Program Files\Eclipse Adoptium\jdk-17.0.7.7-hotspot\bin\zip.dll
Event: 0.909 Loaded shared library C:\Program Files\Eclipse Adoptium\jdk-17.0.7.7-hotspot\bin\jimage.dll
Event: 1.299 Loaded shared library C:\Program Files\Eclipse Adoptium\jdk-17.0.7.7-hotspot\bin\verify.dll
Event: 2.375 Loaded shared library C:\Users\lukre\.gradle\native\68d5fa5c4cc2d200863cafc0d521ce42e7d3e7ee720ec0a83991735586a16f82\windows-amd64\native-platform.dll
Event: 2.396 Loaded shared library C:\Users\lukre\.gradle\native\e376f236ea51e6404a007f0833ffe2c6e607c4080706a723a18a27aeea778392\windows-amd64\native-platform-file-events.dll
Event: 5.707 Loaded shared library C:\Program Files\Eclipse Adoptium\jdk-17.0.7.7-hotspot\bin\management.dll
Event: 5.715 Loaded shared library C:\Program Files\Eclipse Adoptium\jdk-17.0.7.7-hotspot\bin\management_ext.dll
Event: 7.062 Loaded shared library C:\Program Files\Eclipse Adoptium\jdk-17.0.7.7-hotspot\bin\sunmscapi.dll

Deoptimization events (20 events):
Event: 17.860 Thread 0x0000019dad151f00 DEOPT PACKING pc=0x0000019d9ce9d79c sp=0x00000080decf8c90
Event: 17.860 Thread 0x0000019dad151f00 DEOPT UNPACKING pc=0x0000019d9c7869a3 sp=0x00000080decf8bd0 mode 2
Event: 17.860 Thread 0x0000019dad151f00 Uncommon trap: trap_request=0xffffffc6 fr.pc=0x0000019d9ce9d79c relative=0x00000000000007bc
Event: 17.860 Thread 0x0000019dad151f00 Uncommon trap: reason=bimorphic_or_optimized_type_check action=maybe_recompile pc=0x0000019d9ce9d79c method=java.util.regex.Pattern$Start.match(Ljava/util/regex/Matcher;ILjava/lang/CharSequence;)Z @ 44 c2
Event: 17.860 Thread 0x0000019dad151f00 DEOPT PACKING pc=0x0000019d9ce9d79c sp=0x00000080decf8c90
Event: 17.860 Thread 0x0000019dad151f00 DEOPT UNPACKING pc=0x0000019d9c7869a3 sp=0x00000080decf8bd0 mode 2
Event: 17.861 Thread 0x0000019dad151f00 Uncommon trap: trap_request=0xffffffc6 fr.pc=0x0000019d9ce9ea68 relative=0x0000000000000588
Event: 17.861 Thread 0x0000019dad151f00 Uncommon trap: reason=bimorphic_or_optimized_type_check action=maybe_recompile pc=0x0000019d9ce9ea68 method=java.util.regex.Pattern$Start.match(Ljava/util/regex/Matcher;ILjava/lang/CharSequence;)Z @ 44 c2
Event: 17.861 Thread 0x0000019dad151f00 DEOPT PACKING pc=0x0000019d9ce9ea68 sp=0x00000080decf8c00
Event: 17.861 Thread 0x0000019dad151f00 DEOPT UNPACKING pc=0x0000019d9c7869a3 sp=0x00000080decf8bc0 mode 2
Event: 18.432 Thread 0x0000019db0057d20 Uncommon trap: trap_request=0xffffff45 fr.pc=0x0000019d9cd939b8 relative=0x0000000000000218
Event: 18.433 Thread 0x0000019db0057d20 Uncommon trap: reason=unstable_if action=reinterpret pc=0x0000019d9cd939b8 method=java.util.StringTokenizer.scanToken(I)I @ 42 c2
Event: 18.433 Thread 0x0000019db0057d20 DEOPT PACKING pc=0x0000019d9cd939b8 sp=0x00000080e05fe5d0
Event: 18.433 Thread 0x0000019db0057d20 DEOPT UNPACKING pc=0x0000019d9c7869a3 sp=0x00000080e05fe560 mode 2
Event: 18.466 Thread 0x0000019db0057d20 Uncommon trap: trap_request=0xffffff45 fr.pc=0x0000019d9ce6d850 relative=0x0000000000000050
Event: 18.466 Thread 0x0000019db0057d20 Uncommon trap: reason=unstable_if action=reinterpret pc=0x0000019d9ce6d850 method=java.util.zip.CRC32.updateBytesCheck([BII)V @ 1 c2
Event: 18.466 Thread 0x0000019db0057d20 DEOPT PACKING pc=0x0000019d9ce6d850 sp=0x00000080e05fe580
Event: 18.466 Thread 0x0000019db0057d20 DEOPT UNPACKING pc=0x0000019d9c7869a3 sp=0x00000080e05fe510 mode 2
Event: 18.692 Thread 0x0000019dad151f00 DEOPT PACKING pc=0x0000019d95583f88 sp=0x00000080decf99f0
Event: 18.692 Thread 0x0000019dad151f00 DEOPT UNPACKING pc=0x0000019d9c787143 sp=0x00000080decf8ef8 mode 0

Classes unloaded (0 events):
No events

Classes redefined (0 events):
No events

Internal exceptions (20 events):
Event: 17.812 Thread 0x0000019dad151f00 Exception <a 'java/lang/ClassNotFoundException'{0x00000000eb0a95b0}: org/gradle/internal/extensibility/DefaultExtraPropertiesExtensionCustomizer> (0x00000000eb0a95b0) 
thrown [s\src\hotspot\share\classfile\systemDictionary.cpp, line 256]
Event: 17.846 Thread 0x0000019dad151f00 Exception <a 'java/lang/ClassNotFoundException'{0x00000000eaf43128}: groovy/lang/Closure$1BeanInfo> (0x00000000eaf43128) 
thrown [s\src\hotspot\share\classfile\systemDictionary.cpp, line 256]
Event: 17.848 Thread 0x0000019dad151f00 Exception <a 'java/lang/ClassNotFoundException'{0x00000000eaf66868}: groovy/lang/ClosureBeanInfo> (0x00000000eaf66868) 
thrown [s\src\hotspot\share\classfile\systemDictionary.cpp, line 256]
Event: 17.850 Thread 0x0000019dad151f00 Exception <a 'java/lang/ClassNotFoundException'{0x00000000eaf89eb8}: groovy/lang/ClosureCustomizer> (0x00000000eaf89eb8) 
thrown [s\src\hotspot\share\classfile\systemDictionary.cpp, line 256]
Event: 17.865 Thread 0x0000019dad151f00 Exception <a 'java/lang/ClassNotFoundException'{0x00000000eafd0658}: groovy/lang/Closure$1Customizer> (0x00000000eafd0658) 
thrown [s\src\hotspot\share\classfile\systemDictionary.cpp, line 256]
Event: 18.035 Thread 0x0000019dad151f00 Exception <a 'java/lang/ClassNotFoundException'{0x00000000eac80b20}: org/gradle/invocation/DefaultGradle_DecoratedBeanInfo> (0x00000000eac80b20) 
thrown [s\src\hotspot\share\classfile\systemDictionary.cpp, line 256]
Event: 18.038 Thread 0x0000019dad151f00 Exception <a 'java/lang/ClassNotFoundException'{0x00000000eac90928}: org/gradle/invocation/DefaultGradleBeanInfo> (0x00000000eac90928) 
thrown [s\src\hotspot\share\classfile\systemDictionary.cpp, line 256]
Event: 18.040 Thread 0x0000019dad151f00 Exception <a 'java/lang/ClassNotFoundException'{0x00000000eaca0c58}: org/gradle/api/internal/project/AbstractPluginAwareBeanInfo> (0x00000000eaca0c58) 
thrown [s\src\hotspot\share\classfile\systemDictionary.cpp, line 256]
Event: 18.042 Thread 0x0000019dad151f00 Exception <a 'java/lang/ClassNotFoundException'{0x00000000eacb0f20}: org/gradle/api/internal/project/AbstractPluginAwareCustomizer> (0x00000000eacb0f20) 
thrown [s\src\hotspot\share\classfile\systemDictionary.cpp, line 256]
Event: 18.045 Thread 0x0000019dad151f00 Exception <a 'java/lang/ClassNotFoundException'{0x00000000eacc68d0}: org/gradle/invocation/DefaultGradleCustomizer> (0x00000000eacc68d0) 
thrown [s\src\hotspot\share\classfile\systemDictionary.cpp, line 256]
Event: 18.048 Thread 0x0000019dad151f00 Exception <a 'java/lang/ClassNotFoundException'{0x00000000eab06b00}: org/gradle/invocation/DefaultGradle_DecoratedCustomizer> (0x00000000eab06b00) 
thrown [s\src\hotspot\share\classfile\systemDictionary.cpp, line 256]
Event: 18.317 Thread 0x0000019dad151f00 Exception <a 'java/lang/ClassNotFoundException'{0x00000000ea9b8df0}: init_e6excauxnj99zxz00kz36gla6BeanInfo> (0x00000000ea9b8df0) 
thrown [s\src\hotspot\share\classfile\systemDictionary.cpp, line 256]
Event: 18.317 Thread 0x0000019dad151f00 Exception <a 'java/lang/ClassNotFoundException'{0x00000000ea9bf650}: init_e6excauxnj99zxz00kz36gla6Customizer> (0x00000000ea9bf650) 
thrown [s\src\hotspot\share\classfile\systemDictionary.cpp, line 256]
Event: 18.393 Thread 0x0000019db0057d20 Exception <a 'sun/nio/fs/WindowsException'{0x00000000ea80f860}> (0x00000000ea80f860) 
thrown [s\src\hotspot\share\prims\jni.cpp, line 516]
Event: 18.497 Thread 0x0000019db0057d20 Exception <a 'sun/nio/fs/WindowsException'{0x00000000ea793bd0}> (0x00000000ea793bd0) 
thrown [s\src\hotspot\share\prims\jni.cpp, line 516]
Event: 18.499 Thread 0x0000019db0057d20 Exception <a 'sun/nio/fs/WindowsException'{0x00000000ea793de0}> (0x00000000ea793de0) 
thrown [s\src\hotspot\share\prims\jni.cpp, line 516]
Event: 18.705 Thread 0x0000019dad151f00 Exception <a 'java/lang/ClassNotFoundException'{0x00000000ea7fe0f8}: eclipsePlugin_e9q72nexaiq0ulrirbed7u2kwBeanInfo> (0x00000000ea7fe0f8) 
thrown [s\src\hotspot\share\classfile\systemDictionary.cpp, line 256]
Event: 18.707 Thread 0x0000019dad151f00 Exception <a 'java/lang/ClassNotFoundException'{0x00000000ea604eb8}: eclipsePlugin_e9q72nexaiq0ulrirbed7u2kwCustomizer> (0x00000000ea604eb8) 
thrown [s\src\hotspot\share\classfile\systemDictionary.cpp, line 256]
Event: 18.932 Thread 0x0000019dad151f00 Exception <a 'java/lang/ClassNotFoundException'{0x00000000ea57fc88}: org/gradle/internal/metaobject/ConfigureDelegateBeanInfo> (0x00000000ea57fc88) 
thrown [s\src\hotspot\share\classfile\systemDictionary.cpp, line 256]
Event: 18.935 Thread 0x0000019dad151f00 Exception <a 'java/lang/ClassNotFoundException'{0x00000000ea58ee40}: org/gradle/internal/metaobject/ConfigureDelegateCustomizer> (0x00000000ea58ee40) 
thrown [s\src\hotspot\share\classfile\systemDictionary.cpp, line 256]

VM Operations (20 events):
Event: 16.783 Executing VM operation: HandshakeAllThreads
Event: 16.783 Executing VM operation: HandshakeAllThreads done
Event: 16.997 Executing VM operation: HandshakeAllThreads
Event: 16.997 Executing VM operation: HandshakeAllThreads done
Event: 17.261 Executing VM operation: HandshakeAllThreads
Event: 17.261 Executing VM operation: HandshakeAllThreads done
Event: 17.262 Executing VM operation: HandshakeAllThreads
Event: 17.263 Executing VM operation: HandshakeAllThreads done
Event: 17.272 Executing VM operation: HandshakeAllThreads
Event: 17.272 Executing VM operation: HandshakeAllThreads done
Event: 17.294 Executing VM operation: HandshakeAllThreads
Event: 17.294 Executing VM operation: HandshakeAllThreads done
Event: 17.318 Executing VM operation: HandshakeAllThreads
Event: 17.318 Executing VM operation: HandshakeAllThreads done
Event: 17.511 Executing VM operation: HandshakeAllThreads
Event: 17.511 Executing VM operation: HandshakeAllThreads done
Event: 17.851 Executing VM operation: ICBufferFull
Event: 17.851 Executing VM operation: ICBufferFull done
Event: 18.450 Executing VM operation: HandshakeAllThreads
Event: 18.450 Executing VM operation: HandshakeAllThreads done

Events (20 events):
Event: 18.393 loading class sun/nio/fs/WindowsException
Event: 18.393 loading class sun/nio/fs/WindowsException done
Event: 18.403 loading class java/nio/charset/UnsupportedCharsetException
Event: 18.403 loading class java/nio/charset/UnsupportedCharsetException done
Event: 18.407 loading class java/util/zip/Deflater
Event: 18.407 loading class java/util/zip/Deflater done
Event: 18.409 loading class java/util/zip/Deflater$DeflaterZStreamRef
Event: 18.409 loading class java/util/zip/Deflater$DeflaterZStreamRef done
Event: 18.427 loading class java/nio/channels/Channels
Event: 18.428 loading class java/nio/channels/Channels done
Event: 18.428 loading class sun/nio/ch/ChannelInputStream
Event: 18.428 loading class sun/nio/ch/ChannelInputStream done
Event: 18.457 loading class java/nio/StringCharBuffer
Event: 18.457 loading class java/nio/StringCharBuffer done
Event: 18.496 loading class java/nio/file/StandardCopyOption
Event: 18.496 loading class java/nio/file/StandardCopyOption done
Event: 18.496 loading class sun/nio/fs/WindowsFileCopy
Event: 18.497 loading class sun/nio/fs/WindowsFileCopy done
Event: 18.743 loading class sun/reflect/MagicAccessorImpl
Event: 18.743 loading class sun/reflect/MagicAccessorImpl done


Dynamic libraries:
0x00007ff635340000 - 0x00007ff63534e000 	C:\Program Files\Eclipse Adoptium\jdk-17.0.7.7-hotspot\bin\java.exe
0x00007ffedccd0000 - 0x00007ffedcee4000 	C:\Windows\SYSTEM32\ntdll.dll
0x00007ffedb760000 - 0x00007ffedb822000 	C:\Windows\System32\KERNEL32.DLL
0x00007ffeda700000 - 0x00007ffedaaa3000 	C:\Windows\System32\KERNELBASE.dll
0x00007ffeda3f0000 - 0x00007ffeda501000 	C:\Windows\System32\ucrtbase.dll
0x00007ffeb83e0000 - 0x00007ffeb83f9000 	C:\Program Files\Eclipse Adoptium\jdk-17.0.7.7-hotspot\bin\VCRUNTIME140.dll
0x00007ffec8210000 - 0x00007ffec8227000 	C:\Program Files\Eclipse Adoptium\jdk-17.0.7.7-hotspot\bin\jli.dll
0x00007ffedb530000 - 0x00007ffedb6da000 	C:\Windows\System32\USER32.dll
0x00007ffeda0d0000 - 0x00007ffeda0f6000 	C:\Windows\System32\win32u.dll
0x00007ffec6340000 - 0x00007ffec65ce000 	C:\Windows\WinSxS\amd64_microsoft.windows.common-controls_6595b64144ccf1df_6.0.22621.1635_none_270f70857386168e\COMCTL32.dll
0x00007ffedae40000 - 0x00007ffedae69000 	C:\Windows\System32\GDI32.dll
0x00007ffedc130000 - 0x00007ffedc1d7000 	C:\Windows\System32\msvcrt.dll
0x00007ffeda2d0000 - 0x00007ffeda3e9000 	C:\Windows\System32\gdi32full.dll
0x00007ffeda100000 - 0x00007ffeda19a000 	C:\Windows\System32\msvcp_win.dll
0x00007ffedae70000 - 0x00007ffedaea1000 	C:\Windows\System32\IMM32.DLL
0x00007ffed5a00000 - 0x00007ffed5a0c000 	C:\Program Files\Eclipse Adoptium\jdk-17.0.7.7-hotspot\bin\vcruntime140_1.dll
0x00007ffeb8120000 - 0x00007ffeb81b1000 	C:\Program Files\Eclipse Adoptium\jdk-17.0.7.7-hotspot\bin\msvcp140.dll
0x00007ffe55580000 - 0x00007ffe561c8000 	C:\Program Files\Eclipse Adoptium\jdk-17.0.7.7-hotspot\bin\server\jvm.dll
0x00007ffedc400000 - 0x00007ffedc4ae000 	C:\Windows\System32\ADVAPI32.dll
0x00007ffedaec0000 - 0x00007ffedaf64000 	C:\Windows\System32\sechost.dll
0x00007ffedc2e0000 - 0x00007ffedc3f7000 	C:\Windows\System32\RPCRT4.dll
0x00007ffed0e10000 - 0x00007ffed0e44000 	C:\Windows\SYSTEM32\WINMM.dll
0x00007ffed0c20000 - 0x00007ffed0c2a000 	C:\Windows\SYSTEM32\VERSION.dll
0x00007ffed56c0000 - 0x00007ffed56c9000 	C:\Windows\SYSTEM32\WSOCK32.dll
0x00007ffedb6e0000 - 0x00007ffedb751000 	C:\Windows\System32\WS2_32.dll
0x00007ffed9180000 - 0x00007ffed9198000 	C:\Windows\SYSTEM32\kernel.appcore.dll
0x00007ffed1da0000 - 0x00007ffed1daa000 	C:\Program Files\Eclipse Adoptium\jdk-17.0.7.7-hotspot\bin\jimage.dll
0x00007ffecf080000 - 0x00007ffecf2ae000 	C:\Windows\SYSTEM32\DBGHELP.DLL
0x00007ffedaab0000 - 0x00007ffedae39000 	C:\Windows\System32\combase.dll
0x00007ffedc050000 - 0x00007ffedc127000 	C:\Windows\System32\OLEAUT32.dll
0x00007ffec6220000 - 0x00007ffec6252000 	C:\Windows\SYSTEM32\dbgcore.DLL
0x00007ffeda510000 - 0x00007ffeda58a000 	C:\Windows\System32\bcryptPrimitives.dll
0x00007ffeb83b0000 - 0x00007ffeb83d5000 	C:\Program Files\Eclipse Adoptium\jdk-17.0.7.7-hotspot\bin\java.dll
0x00007ffeb2720000 - 0x00007ffeb27f6000 	C:\Program Files\Eclipse Adoptium\jdk-17.0.7.7-hotspot\bin\jsvml.dll
0x00007ffedb830000 - 0x00007ffedc029000 	C:\Windows\System32\SHELL32.dll
0x00007ffed8080000 - 0x00007ffed894e000 	C:\Windows\SYSTEM32\windows.storage.dll
0x00007ffed7f40000 - 0x00007ffed807e000 	C:\Windows\SYSTEM32\wintypes.dll
0x00007ffedc990000 - 0x00007ffedca81000 	C:\Windows\System32\SHCORE.dll
0x00007ffedc4b0000 - 0x00007ffedc50e000 	C:\Windows\System32\shlwapi.dll
0x00007ffeda000000 - 0x00007ffeda026000 	C:\Windows\SYSTEM32\profapi.dll
0x00007ffeb82a0000 - 0x00007ffeb82b9000 	C:\Program Files\Eclipse Adoptium\jdk-17.0.7.7-hotspot\bin\net.dll
0x00007ffed31b0000 - 0x00007ffed32e7000 	C:\Windows\SYSTEM32\WINHTTP.dll
0x00007ffed9680000 - 0x00007ffed96e9000 	C:\Windows\system32\mswsock.dll
0x00007ffeb8100000 - 0x00007ffeb8115000 	C:\Program Files\Eclipse Adoptium\jdk-17.0.7.7-hotspot\bin\nio.dll
0x00007ffeb80e0000 - 0x00007ffeb80f8000 	C:\Program Files\Eclipse Adoptium\jdk-17.0.7.7-hotspot\bin\zip.dll
0x00007ffeb4e30000 - 0x00007ffeb4e40000 	C:\Program Files\Eclipse Adoptium\jdk-17.0.7.7-hotspot\bin\verify.dll
0x00007ffeb2900000 - 0x00007ffeb2927000 	C:\Users\lukre\.gradle\native\68d5fa5c4cc2d200863cafc0d521ce42e7d3e7ee720ec0a83991735586a16f82\windows-amd64\native-platform.dll
0x00007ffe9e9b0000 - 0x00007ffe9eaf4000 	C:\Users\lukre\.gradle\native\e376f236ea51e6404a007f0833ffe2c6e607c4080706a723a18a27aeea778392\windows-amd64\native-platform-file-events.dll
0x00007ffeb4f70000 - 0x00007ffeb4f79000 	C:\Program Files\Eclipse Adoptium\jdk-17.0.7.7-hotspot\bin\management.dll
0x00007ffeb4e20000 - 0x00007ffeb4e2b000 	C:\Program Files\Eclipse Adoptium\jdk-17.0.7.7-hotspot\bin\management_ext.dll
0x00007ffedb510000 - 0x00007ffedb518000 	C:\Windows\System32\PSAPI.DLL
0x00007ffed98e0000 - 0x00007ffed98fb000 	C:\Windows\SYSTEM32\CRYPTSP.dll
0x00007ffed90f0000 - 0x00007ffed9125000 	C:\Windows\system32\rsaenh.dll
0x00007ffed9780000 - 0x00007ffed97ac000 	C:\Windows\SYSTEM32\USERENV.dll
0x00007ffed9aa0000 - 0x00007ffed9ac8000 	C:\Windows\SYSTEM32\bcrypt.dll
0x00007ffed9900000 - 0x00007ffed990c000 	C:\Windows\SYSTEM32\CRYPTBASE.dll
0x00007ffed8c00000 - 0x00007ffed8c2d000 	C:\Windows\SYSTEM32\IPHLPAPI.DLL
0x00007ffedb500000 - 0x00007ffedb509000 	C:\Windows\System32\NSI.dll
0x00007ffed30d0000 - 0x00007ffed30e9000 	C:\Windows\SYSTEM32\dhcpcsvc6.DLL
0x00007ffed30b0000 - 0x00007ffed30cf000 	C:\Windows\SYSTEM32\dhcpcsvc.DLL
0x00007ffed8c80000 - 0x00007ffed8d73000 	C:\Windows\SYSTEM32\DNSAPI.dll
0x00007ffeb4e50000 - 0x00007ffeb4e5e000 	C:\Program Files\Eclipse Adoptium\jdk-17.0.7.7-hotspot\bin\sunmscapi.dll
0x00007ffeda590000 - 0x00007ffeda6f7000 	C:\Windows\System32\CRYPT32.dll
0x00007ffed9a70000 - 0x00007ffed9a9e000 	C:\Windows\SYSTEM32\ncrypt.dll
0x00007ffed9a30000 - 0x00007ffed9a67000 	C:\Windows\SYSTEM32\NTASN1.dll
0x00007ffeb4e40000 - 0x00007ffeb4e48000 	C:\Windows\system32\wshunix.dll

dbghelp: loaded successfully - version: 4.0.5 - missing functions: none
symbol engine: initialized successfully - sym options: 0x614 - pdb path: .;C:\Program Files\Eclipse Adoptium\jdk-17.0.7.7-hotspot\bin;C:\Windows\SYSTEM32;C:\Windows\WinSxS\amd64_microsoft.windows.common-controls_6595b64144ccf1df_6.0.22621.1635_none_270f70857386168e;C:\Program Files\Eclipse Adoptium\jdk-17.0.7.7-hotspot\bin\server;C:\Users\lukre\.gradle\native\68d5fa5c4cc2d200863cafc0d521ce42e7d3e7ee720ec0a83991735586a16f82\windows-amd64;C:\Users\lukre\.gradle\native\e376f236ea51e6404a007f0833ffe2c6e607c4080706a723a18a27aeea778392\windows-amd64

VM Arguments:
jvm_args: --add-opens=java.base/java.util=ALL-UNNAMED --add-opens=java.base/java.lang=ALL-UNNAMED --add-opens=java.base/java.lang.invoke=ALL-UNNAMED --add-opens=java.prefs/java.util.prefs=ALL-UNNAMED --add-opens=java.base/java.nio.charset=ALL-UNNAMED --add-opens=java.base/java.net=ALL-UNNAMED --add-opens=java.base/java.util.concurrent.atomic=ALL-UNNAMED -XX:MaxMetaspaceSize=384m -XX:+HeapDumpOnOutOfMemoryError -Xms256m -Xmx512m -Dfile.encoding=utf8 -Duser.country=US -Duser.language=en -Duser.variant 
java_command: org.gradle.launcher.daemon.bootstrap.GradleDaemon 8.0.2
java_class_path (initial): C:\Users\lukre\.gradle\wrapper\dists\gradle-8.0.2-bin\25jlreiuz6u3xu2phlpa2vv4m\gradle-8.0.2\lib\gradle-launcher-8.0.2.jar
Launcher Type: SUN_STANDARD

[Global flags]
     intx CICompilerCount                          = 4                                         {product} {ergonomic}
   size_t CompressedClassSpaceSize                 = 335544320                                 {product} {ergonomic}
     uint ConcGCThreads                            = 2                                         {product} {ergonomic}
     uint G1ConcRefinementThreads                  = 8                                         {product} {ergonomic}
   size_t G1HeapRegionSize                         = 1048576                                   {product} {ergonomic}
    uintx GCDrainStackTargetSize                   = 64                                        {product} {ergonomic}
     bool HeapDumpOnOutOfMemoryError               = true                                   {manageable} {command line}
   size_t InitialHeapSize                          = 268435456                                 {product} {command line}
   size_t MarkStackSize                            = 4194304                                   {product} {ergonomic}
   size_t MaxHeapSize                              = 536870912                                 {product} {command line}
   size_t MaxMetaspaceSize                         = 402653184                                 {product} {command line}
   size_t MaxNewSize                               = 321912832                                 {product} {ergonomic}
   size_t MinHeapDeltaBytes                        = 1048576                                   {product} {ergonomic}
   size_t MinHeapSize                              = 268435456                                 {product} {command line}
    uintx NonNMethodCodeHeapSize                   = 5839372                                {pd product} {ergonomic}
    uintx NonProfiledCodeHeapSize                  = 122909434                              {pd product} {ergonomic}
    uintx ProfiledCodeHeapSize                     = 122909434                              {pd product} {ergonomic}
    uintx ReservedCodeCacheSize                    = 251658240                              {pd product} {ergonomic}
     bool SegmentedCodeCache                       = true                                      {product} {ergonomic}
   size_t SoftMaxHeapSize                          = 536870912                              {manageable} {ergonomic}
     bool UseCompressedClassPointers               = true                           {product lp64_product} {ergonomic}
     bool UseCompressedOops                        = true                           {product lp64_product} {ergonomic}
     bool UseG1GC                                  = true                                      {product} {ergonomic}
     bool UseLargePagesIndividualAllocation        = false                                  {pd product} {ergonomic}

Logging:
Log output configuration:
 #0: stdout all=warning uptime,level,tags
 #1: stderr all=off uptime,level,tags

Environment Variables:
PATH=C:\Program Files\Eclipse Adoptium\jdk-17.0.7.7-hotspot\bin;C:\Windows\system32;C:\Windows;C:\Windows\System32\Wbem;C:\Windows\System32\WindowsPowerShell\v1.0\;C:\Windows\System32\OpenSSH\;C:\ProgramData\chocolatey\bin;C:\Program Files\Microsoft VS Code\bin;C:\Program Files\Git\cmd;C:\Program Files\nodejs\;C:\Users\lukre\AppData\Local\Microsoft\WindowsApps;C:\Users\lukre\AppData\Roaming\npm
USERNAME=lukre
OS=Windows_NT
PROCESSOR_IDENTIFIER=AMD64 Family 23 Model 160 Stepping 0, AuthenticAMD
TMP=C:\Users\lukre\AppData\Local\Temp
TEMP=C:\Users\lukre\AppData\Local\Temp



---------------  S Y S T E M  ---------------

OS:
 Windows 11 , 64 bit Build 22621 (10.0.22621.1928)
OS uptime: 1 days 6:27 hours
Hyper-V role detected

CPU: total 8 (initial active 8) (8 cores per cpu, 2 threads per core) family 23 model 160 stepping 0 microcode 0x0, cx8, cmov, fxsr, ht, mmx, 3dnowpref, sse, sse2, sse3, ssse3, sse4a, sse4.1, sse4.2, popcnt, lzcnt, tsc, tscinvbit, avx, avx2, aes, clmul, bmi1, bmi2, adx, sha, fma, vzeroupper, clflush, clflushopt, hv

Memory: 4k page, system-wide physical 7413M (179M free)
TotalPageFile size 22513M (AvailPageFile size 2M)
current process WorkingSet (physical memory assigned to process): 256M, peak: 256M
current process commit charge ("private bytes"): 435M, peak: 437M

vm_info: OpenJDK 64-Bit Server VM (17.0.7+7) for windows-amd64 JRE (17.0.7+7), built on Apr 18 2023 22:10:42 by "temurin" with MS VC++ 16.7 (VS2019)

END.
